mode: set
github.com/banshee-data/velocity.report/internal/db/db.go:49.94,53.16 3 1
github.com/banshee-data/velocity.report/internal/db/db.go:53.16,55.3 1 0
github.com/banshee-data/velocity.report/internal/db/db.go:56.2,58.18 3 1
github.com/banshee-data/velocity.report/internal/db/db.go:58.18,69.138 11 1
github.com/banshee-data/velocity.report/internal/db/db.go:69.138,71.4 1 0
github.com/banshee-data/velocity.report/internal/db/db.go:72.3,84.38 2 1
github.com/banshee-data/velocity.report/internal/db/db.go:86.2,86.23 1 1
github.com/banshee-data/velocity.report/internal/db/db.go:92.74,103.16 3 0
github.com/banshee-data/velocity.report/internal/db/db.go:103.16,105.3 1 0
github.com/banshee-data/velocity.report/internal/db/db.go:106.2,106.27 1 0
github.com/banshee-data/velocity.report/internal/db/db.go:134.39,135.13 1 1
github.com/banshee-data/velocity.report/internal/db/db.go:135.13,138.3 1 0
github.com/banshee-data/velocity.report/internal/db/db.go:141.2,142.16 2 1
github.com/banshee-data/velocity.report/internal/db/db.go:142.16,144.3 1 0
github.com/banshee-data/velocity.report/internal/db/db.go:145.2,145.19 1 1
github.com/banshee-data/velocity.report/internal/db/db.go:151.37,159.33 2 1
github.com/banshee-data/velocity.report/internal/db/db.go:159.33,160.44 1 1
github.com/banshee-data/velocity.report/internal/db/db.go:160.44,162.4 1 0
github.com/banshee-data/velocity.report/internal/db/db.go:165.2,165.12 1 1
github.com/banshee-data/velocity.report/internal/db/db.go:168.38,170.2 1 1
github.com/banshee-data/velocity.report/internal/db/db.go:174.78,176.16 2 1
github.com/banshee-data/velocity.report/internal/db/db.go:176.16,178.3 1 0
github.com/banshee-data/velocity.report/internal/db/db.go:180.2,188.41 2 1
github.com/banshee-data/velocity.report/internal/db/db.go:188.41,190.3 1 0
github.com/banshee-data/velocity.report/internal/db/db.go:193.2,199.16 3 1
github.com/banshee-data/velocity.report/internal/db/db.go:199.16,201.3 1 0
github.com/banshee-data/velocity.report/internal/db/db.go:204.2,205.16 2 1
github.com/banshee-data/velocity.report/internal/db/db.go:205.16,207.3 1 0
github.com/banshee-data/velocity.report/internal/db/db.go:210.2,210.28 1 1
github.com/banshee-data/velocity.report/internal/db/db.go:210.28,211.22 1 1
github.com/banshee-data/velocity.report/internal/db/db.go:211.22,213.18 2 1
github.com/banshee-data/velocity.report/internal/db/db.go:213.18,215.5 1 1
github.com/banshee-data/velocity.report/internal/db/db.go:217.3,217.24 1 1
github.com/banshee-data/velocity.report/internal/db/db.go:222.2,228.16 3 1
github.com/banshee-data/velocity.report/internal/db/db.go:228.16,230.3 1 0
github.com/banshee-data/velocity.report/internal/db/db.go:232.2,235.35 2 1
github.com/banshee-data/velocity.report/internal/db/db.go:235.35,240.17 4 1
github.com/banshee-data/velocity.report/internal/db/db.go:240.17,242.4 1 0
github.com/banshee-data/velocity.report/internal/db/db.go:244.3,247.24 3 1
github.com/banshee-data/velocity.report/internal/db/db.go:247.24,250.71 2 1
github.com/banshee-data/velocity.report/internal/db/db.go:250.71,252.5 1 0
github.com/banshee-data/velocity.report/internal/db/db.go:255.4,256.18 2 1
github.com/banshee-data/velocity.report/internal/db/db.go:256.18,258.5 1 0
github.com/banshee-data/velocity.report/internal/db/db.go:260.4,260.39 1 1
github.com/banshee-data/velocity.report/internal/db/db.go:260.39,270.5 8 0
github.com/banshee-data/velocity.report/internal/db/db.go:272.4,273.25 2 1
github.com/banshee-data/velocity.report/internal/db/db.go:277.3,280.36 4 1
github.com/banshee-data/velocity.report/internal/db/db.go:280.36,282.4 1 0
github.com/banshee-data/velocity.report/internal/db/db.go:283.3,294.153 12 1
github.com/banshee-data/velocity.report/internal/db/db.go:298.2,299.16 2 1
github.com/banshee-data/velocity.report/internal/db/db.go:299.16,301.3 1 0
github.com/banshee-data/velocity.report/internal/db/db.go:303.2,307.16 3 1
github.com/banshee-data/velocity.report/internal/db/db.go:307.16,309.3 1 0
github.com/banshee-data/velocity.report/internal/db/db.go:314.2,315.16 2 1
github.com/banshee-data/velocity.report/internal/db/db.go:315.16,317.3 1 0
github.com/banshee-data/velocity.report/internal/db/db.go:319.2,320.16 2 1
github.com/banshee-data/velocity.report/internal/db/db.go:320.16,322.3 1 0
github.com/banshee-data/velocity.report/internal/db/db.go:324.2,325.18 2 1
github.com/banshee-data/velocity.report/internal/db/db.go:325.18,329.36 4 0
github.com/banshee-data/velocity.report/internal/db/db.go:329.36,331.4 1 0
github.com/banshee-data/velocity.report/internal/db/db.go:332.3,336.138 5 0
github.com/banshee-data/velocity.report/internal/db/db.go:340.2,340.67 1 1
github.com/banshee-data/velocity.report/internal/db/db.go:340.67,342.3 1 0
github.com/banshee-data/velocity.report/internal/db/db.go:345.2,346.16 2 1
github.com/banshee-data/velocity.report/internal/db/db.go:346.16,348.3 1 0
github.com/banshee-data/velocity.report/internal/db/db.go:349.2,349.37 1 1
github.com/banshee-data/velocity.report/internal/db/db.go:349.37,351.3 1 0
github.com/banshee-data/velocity.report/internal/db/db.go:353.2,353.23 1 1
github.com/banshee-data/velocity.report/internal/db/db.go:359.39,361.16 2 1
github.com/banshee-data/velocity.report/internal/db/db.go:361.16,363.3 1 0
github.com/banshee-data/velocity.report/internal/db/db.go:366.2,366.41 1 1
github.com/banshee-data/velocity.report/internal/db/db.go:366.41,368.3 1 0
github.com/banshee-data/velocity.report/internal/db/db.go:370.2,370.21 1 1
github.com/banshee-data/velocity.report/internal/db/db.go:373.60,375.24 2 1
github.com/banshee-data/velocity.report/internal/db/db.go:375.24,377.3 1 0
github.com/banshee-data/velocity.report/internal/db/db.go:379.2,382.16 2 1
github.com/banshee-data/velocity.report/internal/db/db.go:382.16,384.3 1 1
github.com/banshee-data/velocity.report/internal/db/db.go:385.2,385.12 1 1
github.com/banshee-data/velocity.report/internal/db/db.go:390.68,391.14 1 1
github.com/banshee-data/velocity.report/internal/db/db.go:391.14,393.3 1 0
github.com/banshee-data/velocity.report/internal/db/db.go:394.2,397.16 3 1
github.com/banshee-data/velocity.report/internal/db/db.go:397.16,399.3 1 0
github.com/banshee-data/velocity.report/internal/db/db.go:400.2,400.27 1 1
github.com/banshee-data/velocity.report/internal/db/db.go:404.79,420.136 13 1
github.com/banshee-data/velocity.report/internal/db/db.go:420.136,421.27 1 1
github.com/banshee-data/velocity.report/internal/db/db.go:421.27,423.4 1 1
github.com/banshee-data/velocity.report/internal/db/db.go:424.3,424.18 1 0
github.com/banshee-data/velocity.report/internal/db/db.go:427.2,439.18 2 1
github.com/banshee-data/velocity.report/internal/db/db.go:455.73,461.16 3 1
github.com/banshee-data/velocity.report/internal/db/db.go:461.16,463.3 1 0
github.com/banshee-data/velocity.report/internal/db/db.go:464.2,467.18 3 1
github.com/banshee-data/velocity.report/internal/db/db.go:467.18,469.42 2 1
github.com/banshee-data/velocity.report/internal/db/db.go:469.42,471.4 1 0
github.com/banshee-data/velocity.report/internal/db/db.go:472.3,474.32 3 1
github.com/banshee-data/velocity.report/internal/db/db.go:477.2,477.26 1 1
github.com/banshee-data/velocity.report/internal/db/db.go:482.91,491.16 3 1
github.com/banshee-data/velocity.report/internal/db/db.go:491.16,493.3 1 0
github.com/banshee-data/velocity.report/internal/db/db.go:494.2,503.18 4 1
github.com/banshee-data/velocity.report/internal/db/db.go:503.18,506.51 3 1
github.com/banshee-data/velocity.report/internal/db/db.go:506.51,508.4 1 0
github.com/banshee-data/velocity.report/internal/db/db.go:511.3,517.5 3 1
github.com/banshee-data/velocity.report/internal/db/db.go:521.2,522.38 2 1
github.com/banshee-data/velocity.report/internal/db/db.go:522.38,523.22 1 1
github.com/banshee-data/velocity.report/internal/db/db.go:523.22,524.12 1 1
github.com/banshee-data/velocity.report/internal/db/db.go:527.3,528.30 2 1
github.com/banshee-data/velocity.report/internal/db/db.go:528.30,530.4 1 1
github.com/banshee-data/velocity.report/internal/db/db.go:533.3,544.5 3 1
github.com/banshee-data/velocity.report/internal/db/db.go:547.2,547.20 1 1
github.com/banshee-data/velocity.report/internal/db/db.go:551.69,552.27 1 1
github.com/banshee-data/velocity.report/internal/db/db.go:552.27,554.3 1 1
github.com/banshee-data/velocity.report/internal/db/db.go:557.2,559.33 3 1
github.com/banshee-data/velocity.report/internal/db/db.go:559.33,562.3 2 1
github.com/banshee-data/velocity.report/internal/db/db.go:564.2,568.16 3 1
github.com/banshee-data/velocity.report/internal/db/db.go:568.16,570.3 1 0
github.com/banshee-data/velocity.report/internal/db/db.go:572.2,572.27 1 1
github.com/banshee-data/velocity.report/internal/db/db.go:590.39,606.2 1 1
github.com/banshee-data/velocity.report/internal/db/db.go:608.53,612.16 2 1
github.com/banshee-data/velocity.report/internal/db/db.go:612.16,614.3 1 0
github.com/banshee-data/velocity.report/internal/db/db.go:615.2,618.18 3 1
github.com/banshee-data/velocity.report/internal/db/db.go:618.18,636.17 3 1
github.com/banshee-data/velocity.report/internal/db/db.go:636.17,638.4 1 0
github.com/banshee-data/velocity.report/internal/db/db.go:641.3,650.43 7 1
github.com/banshee-data/velocity.report/internal/db/db.go:652.2,652.35 1 1
github.com/banshee-data/velocity.report/internal/db/db.go:652.35,654.3 1 0
github.com/banshee-data/velocity.report/internal/db/db.go:656.2,656.27 1 1
github.com/banshee-data/velocity.report/internal/db/db.go:670.49,681.2 1 1
github.com/banshee-data/velocity.report/internal/db/db.go:694.54,706.2 1 1
github.com/banshee-data/velocity.report/internal/db/db.go:716.231,717.26 1 1
github.com/banshee-data/velocity.report/internal/db/db.go:717.26,719.3 1 0
github.com/banshee-data/velocity.report/internal/db/db.go:721.2,721.22 1 1
github.com/banshee-data/velocity.report/internal/db/db.go:721.22,723.3 1 0
github.com/banshee-data/velocity.report/internal/db/db.go:726.2,726.19 1 1
github.com/banshee-data/velocity.report/internal/db/db.go:726.19,728.3 1 1
github.com/banshee-data/velocity.report/internal/db/db.go:731.2,731.22 1 1
github.com/banshee-data/velocity.report/internal/db/db.go:731.22,733.3 1 0
github.com/banshee-data/velocity.report/internal/db/db.go:736.2,741.20 5 1
github.com/banshee-data/velocity.report/internal/db/db.go:742.23,743.23 1 1
github.com/banshee-data/velocity.report/internal/db/db.go:743.23,758.4 3 1
github.com/banshee-data/velocity.report/internal/db/db.go:758.9,760.4 1 1
github.com/banshee-data/velocity.report/internal/db/db.go:761.20,762.23 1 1
github.com/banshee-data/velocity.report/internal/db/db.go:762.23,777.4 3 1
github.com/banshee-data/velocity.report/internal/db/db.go:777.9,779.4 1 0
github.com/banshee-data/velocity.report/internal/db/db.go:780.29,782.25 1 1
github.com/banshee-data/velocity.report/internal/db/db.go:782.25,784.4 1 0
github.com/banshee-data/velocity.report/internal/db/db.go:785.3,785.23 1 1
github.com/banshee-data/velocity.report/internal/db/db.go:785.23,801.4 3 0
github.com/banshee-data/velocity.report/internal/db/db.go:801.9,803.4 1 1
github.com/banshee-data/velocity.report/internal/db/db.go:804.10,805.67 1 1
github.com/banshee-data/velocity.report/internal/db/db.go:807.2,807.16 1 1
github.com/banshee-data/velocity.report/internal/db/db.go:807.16,809.3 1 0
github.com/banshee-data/velocity.report/internal/db/db.go:810.2,818.18 4 1
github.com/banshee-data/velocity.report/internal/db/db.go:818.18,821.51 3 1
github.com/banshee-data/velocity.report/internal/db/db.go:821.51,823.4 1 0
github.com/banshee-data/velocity.report/internal/db/db.go:824.3,825.57 2 1
github.com/banshee-data/velocity.report/internal/db/db.go:830.2,831.47 2 1
github.com/banshee-data/velocity.report/internal/db/db.go:831.47,834.30 2 1
github.com/banshee-data/velocity.report/internal/db/db.go:834.30,837.4 2 1
github.com/banshee-data/velocity.report/internal/db/db.go:840.3,841.38 2 1
github.com/banshee-data/velocity.report/internal/db/db.go:841.38,845.4 3 1
github.com/banshee-data/velocity.report/internal/db/db.go:848.3,848.24 1 1
github.com/banshee-data/velocity.report/internal/db/db.go:848.24,849.35 1 1
github.com/banshee-data/velocity.report/internal/db/db.go:849.35,850.24 1 1
github.com/banshee-data/velocity.report/internal/db/db.go:850.24,851.14 1 0
github.com/banshee-data/velocity.report/internal/db/db.go:854.5,854.43 1 1
github.com/banshee-data/velocity.report/internal/db/db.go:854.43,854.73 1 1
github.com/banshee-data/velocity.report/internal/db/db.go:856.5,860.51 3 1
github.com/banshee-data/velocity.report/internal/db/db.go:860.51,862.6 1 1
github.com/banshee-data/velocity.report/internal/db/db.go:864.5,864.75 1 1
github.com/banshee-data/velocity.report/internal/db/db.go:864.75,866.6 1 1
github.com/banshee-data/velocity.report/internal/db/db.go:872.2,873.28 2 1
github.com/banshee-data/velocity.report/internal/db/db.go:873.28,874.30 1 1
github.com/banshee-data/velocity.report/internal/db/db.go:874.30,876.33 2 1
github.com/banshee-data/velocity.report/internal/db/db.go:876.33,878.5 1 1
github.com/banshee-data/velocity.report/internal/db/db.go:880.8,882.3 1 1
github.com/banshee-data/velocity.report/internal/db/db.go:885.2,888.24 4 1
github.com/banshee-data/velocity.report/internal/db/db.go:888.24,890.3 1 1
github.com/banshee-data/velocity.report/internal/db/db.go:893.2,893.23 1 1
github.com/banshee-data/velocity.report/internal/db/db.go:893.23,897.35 4 1
github.com/banshee-data/velocity.report/internal/db/db.go:897.35,899.26 2 1
github.com/banshee-data/velocity.report/internal/db/db.go:899.26,901.5 1 0
github.com/banshee-data/velocity.report/internal/db/db.go:902.4,902.38 1 1
github.com/banshee-data/velocity.report/internal/db/db.go:902.38,904.5 1 1
github.com/banshee-data/velocity.report/internal/db/db.go:905.4,905.35 1 1
github.com/banshee-data/velocity.report/internal/db/db.go:905.35,907.5 1 1
github.com/banshee-data/velocity.report/internal/db/db.go:911.3,912.17 2 1
github.com/banshee-data/velocity.report/internal/db/db.go:912.17,914.4 1 0
github.com/banshee-data/velocity.report/internal/db/db.go:914.9,916.4 1 1
github.com/banshee-data/velocity.report/internal/db/db.go:918.3,918.25 1 1
github.com/banshee-data/velocity.report/internal/db/db.go:918.25,921.4 2 1
github.com/banshee-data/velocity.report/internal/db/db.go:922.8,923.35 1 1
github.com/banshee-data/velocity.report/internal/db/db.go:923.35,926.18 2 1
github.com/banshee-data/velocity.report/internal/db/db.go:926.18,928.5 1 0
github.com/banshee-data/velocity.report/internal/db/db.go:929.4,933.26 4 1
github.com/banshee-data/velocity.report/internal/db/db.go:933.26,935.5 1 1
github.com/banshee-data/velocity.report/internal/db/db.go:936.4,936.64 1 1
github.com/banshee-data/velocity.report/internal/db/db.go:936.64,938.5 1 1
github.com/banshee-data/velocity.report/internal/db/db.go:942.2,946.25 3 1
github.com/banshee-data/velocity.report/internal/db/db.go:946.25,948.3 1 1
github.com/banshee-data/velocity.report/internal/db/db.go:949.2,949.39 1 1
github.com/banshee-data/velocity.report/internal/db/db.go:949.39,949.67 1 1
github.com/banshee-data/velocity.report/internal/db/db.go:955.2,955.35 1 1
github.com/banshee-data/velocity.report/internal/db/db.go:955.35,963.22 3 1
github.com/banshee-data/velocity.report/internal/db/db.go:963.22,974.4 8 1
github.com/banshee-data/velocity.report/internal/db/db.go:974.9,980.4 5 0
github.com/banshee-data/velocity.report/internal/db/db.go:982.3,982.39 1 1
github.com/banshee-data/velocity.report/internal/db/db.go:989.2,990.53 2 1
github.com/banshee-data/velocity.report/internal/db/db.go:990.53,992.40 2 1
github.com/banshee-data/velocity.report/internal/db/db.go:992.40,994.37 2 1
github.com/banshee-data/velocity.report/internal/db/db.go:994.37,997.5 1 1
github.com/banshee-data/velocity.report/internal/db/db.go:997.10,1001.5 2 1
github.com/banshee-data/velocity.report/internal/db/db.go:1002.4,1002.49 1 1
github.com/banshee-data/velocity.report/internal/db/db.go:1006.2,1010.8 1 1
github.com/banshee-data/velocity.report/internal/db/db.go:1013.55,1015.23 2 1
github.com/banshee-data/velocity.report/internal/db/db.go:1015.23,1017.3 1 0
github.com/banshee-data/velocity.report/internal/db/db.go:1019.2,1020.16 2 1
github.com/banshee-data/velocity.report/internal/db/db.go:1020.16,1022.3 1 0
github.com/banshee-data/velocity.report/internal/db/db.go:1023.2,1023.12 1 1
github.com/banshee-data/velocity.report/internal/db/db.go:1032.33,1034.2 1 1
github.com/banshee-data/velocity.report/internal/db/db.go:1042.35,1044.23 2 1
github.com/banshee-data/velocity.report/internal/db/db.go:1044.23,1046.3 1 0
github.com/banshee-data/velocity.report/internal/db/db.go:1047.2,1047.20 1 1
github.com/banshee-data/velocity.report/internal/db/db.go:1047.20,1049.3 1 0
github.com/banshee-data/velocity.report/internal/db/db.go:1050.2,1050.19 1 1
github.com/banshee-data/velocity.report/internal/db/db.go:1050.19,1052.3 1 1
github.com/banshee-data/velocity.report/internal/db/db.go:1053.2,1057.3 1 1
github.com/banshee-data/velocity.report/internal/db/db.go:1060.41,1062.16 2 1
github.com/banshee-data/velocity.report/internal/db/db.go:1062.16,1064.3 1 0
github.com/banshee-data/velocity.report/internal/db/db.go:1065.2,1068.18 3 1
github.com/banshee-data/velocity.report/internal/db/db.go:1068.18,1070.64 2 1
github.com/banshee-data/velocity.report/internal/db/db.go:1070.64,1072.4 1 0
github.com/banshee-data/velocity.report/internal/db/db.go:1073.3,1078.4 1 1
github.com/banshee-data/velocity.report/internal/db/db.go:1080.2,1080.35 1 1
github.com/banshee-data/velocity.report/internal/db/db.go:1080.35,1082.3 1 0
github.com/banshee-data/velocity.report/internal/db/db.go:1084.2,1084.20 1 1
github.com/banshee-data/velocity.report/internal/db/db.go:1094.52,1097.130 3 0
github.com/banshee-data/velocity.report/internal/db/db.go:1097.130,1099.3 1 0
github.com/banshee-data/velocity.report/internal/db/db.go:1100.2,1100.32 1 0
github.com/banshee-data/velocity.report/internal/db/db.go:1100.32,1102.3 1 0
github.com/banshee-data/velocity.report/internal/db/db.go:1103.2,1106.8 1 0
github.com/banshee-data/velocity.report/internal/db/db.go:1124.58,1128.57 3 1
github.com/banshee-data/velocity.report/internal/db/db.go:1128.57,1130.76 1 0
github.com/banshee-data/velocity.report/internal/db/db.go:1130.76,1132.4 1 0
github.com/banshee-data/velocity.report/internal/db/db.go:1133.3,1133.73 1 0
github.com/banshee-data/velocity.report/internal/db/db.go:1133.73,1135.4 1 0
github.com/banshee-data/velocity.report/internal/db/db.go:1137.2,1142.16 4 1
github.com/banshee-data/velocity.report/internal/db/db.go:1142.16,1144.3 1 0
github.com/banshee-data/velocity.report/internal/db/db.go:1145.2,1148.18 3 1
github.com/banshee-data/velocity.report/internal/db/db.go:1148.18,1150.42 2 1
github.com/banshee-data/velocity.report/internal/db/db.go:1150.42,1152.4 1 0
github.com/banshee-data/velocity.report/internal/db/db.go:1153.3,1153.40 1 1
github.com/banshee-data/velocity.report/internal/db/db.go:1157.2,1158.39 2 1
github.com/banshee-data/velocity.report/internal/db/db.go:1158.39,1166.65 3 1
github.com/banshee-data/velocity.report/internal/db/db.go:1166.65,1169.4 1 0
github.com/banshee-data/velocity.report/internal/db/db.go:1172.3,1174.73 3 1
github.com/banshee-data/velocity.report/internal/db/db.go:1174.73,1177.4 1 0
github.com/banshee-data/velocity.report/internal/db/db.go:1179.3,1183.5 1 1
github.com/banshee-data/velocity.report/internal/db/db.go:1187.2,1187.41 1 1
github.com/banshee-data/velocity.report/internal/db/db.go:1187.41,1189.3 1 1
github.com/banshee-data/velocity.report/internal/db/db.go:1191.2,1194.8 1 1
github.com/banshee-data/velocity.report/internal/db/db.go:1197.53,1203.16 3 1
github.com/banshee-data/velocity.report/internal/db/db.go:1203.16,1205.3 1 0
github.com/banshee-data/velocity.report/internal/db/db.go:1206.2,1213.135 3 1
github.com/banshee-data/velocity.report/internal/db/db.go:1213.135,1216.17 3 0
github.com/banshee-data/velocity.report/internal/db/db.go:1216.17,1219.4 2 0
github.com/banshee-data/velocity.report/internal/db/db.go:1220.3,1220.58 1 0
github.com/banshee-data/velocity.report/internal/db/db.go:1220.58,1223.4 2 0
github.com/banshee-data/velocity.report/internal/db/db.go:1226.2,1226.139 1 1
github.com/banshee-data/velocity.report/internal/db/db.go:1226.139,1229.68 3 0
github.com/banshee-data/velocity.report/internal/db/db.go:1229.68,1232.4 2 0
github.com/banshee-data/velocity.report/internal/db/db.go:1233.3,1239.17 5 0
github.com/banshee-data/velocity.report/internal/db/db.go:1239.17,1242.4 2 0
github.com/banshee-data/velocity.report/internal/db/db.go:1246.3,1246.16 1 0
github.com/banshee-data/velocity.report/internal/db/db.go:1246.16,1248.48 2 0
github.com/banshee-data/velocity.report/internal/db/db.go:1248.48,1250.5 1 0
github.com/banshee-data/velocity.report/internal/db/db.go:1253.3,1255.55 3 0
github.com/banshee-data/velocity.report/internal/db/db.go:1255.55,1259.4 2 0
github.com/banshee-data/velocity.report/internal/db/db.go:1262.3,1262.60 1 0
github.com/banshee-data/velocity.report/internal/db/db.go:1262.60,1265.4 2 0
github.com/banshee-data/velocity.report/internal/db/migrate.go:19.51,21.16 2 1
github.com/banshee-data/velocity.report/internal/db/migrate.go:21.16,23.3 1 0
github.com/banshee-data/velocity.report/internal/db/migrate.go:28.2,28.71 1 1
github.com/banshee-data/velocity.report/internal/db/migrate.go:28.71,30.3 1 0
github.com/banshee-data/velocity.report/internal/db/migrate.go:32.2,32.12 1 1
github.com/banshee-data/velocity.report/internal/db/migrate.go:36.53,38.16 2 1
github.com/banshee-data/velocity.report/internal/db/migrate.go:38.16,40.3 1 0
github.com/banshee-data/velocity.report/internal/db/migrate.go:44.2,44.76 1 1
github.com/banshee-data/velocity.report/internal/db/migrate.go:44.76,46.3 1 1
github.com/banshee-data/velocity.report/internal/db/migrate.go:48.2,48.12 1 1
github.com/banshee-data/velocity.report/internal/db/migrate.go:53.88,55.16 2 1
github.com/banshee-data/velocity.report/internal/db/migrate.go:55.16,57.3 1 0
github.com/banshee-data/velocity.report/internal/db/migrate.go:61.2,62.57 2 1
github.com/banshee-data/velocity.report/internal/db/migrate.go:62.57,65.3 1 1
github.com/banshee-data/velocity.report/internal/db/migrate.go:67.2,67.28 1 1
github.com/banshee-data/velocity.report/internal/db/migrate.go:72.67,74.16 2 1
github.com/banshee-data/velocity.report/internal/db/migrate.go:74.16,76.3 1 0
github.com/banshee-data/velocity.report/internal/db/migrate.go:80.2,80.41 1 1
github.com/banshee-data/velocity.report/internal/db/migrate.go:80.41,82.3 1 0
github.com/banshee-data/velocity.report/internal/db/migrate.go:84.2,84.12 1 1
github.com/banshee-data/velocity.report/internal/db/migrate.go:89.65,91.16 2 1
github.com/banshee-data/velocity.report/internal/db/migrate.go:91.16,93.3 1 0
github.com/banshee-data/velocity.report/internal/db/migrate.go:97.2,97.83 1 1
github.com/banshee-data/velocity.report/internal/db/migrate.go:97.83,99.3 1 0
github.com/banshee-data/velocity.report/internal/db/migrate.go:101.2,101.12 1 1
github.com/banshee-data/velocity.report/internal/db/migrate.go:109.72,112.16 2 1
github.com/banshee-data/velocity.report/internal/db/migrate.go:112.16,114.3 1 0
github.com/banshee-data/velocity.report/internal/db/migrate.go:117.2,118.16 2 1
github.com/banshee-data/velocity.report/internal/db/migrate.go:118.16,120.3 1 0
github.com/banshee-data/velocity.report/internal/db/migrate.go:123.2,124.16 2 1
github.com/banshee-data/velocity.report/internal/db/migrate.go:124.16,126.3 1 0
github.com/banshee-data/velocity.report/internal/db/migrate.go:129.2,131.15 2 1
github.com/banshee-data/velocity.report/internal/db/migrate.go:137.65,139.2 1 1
github.com/banshee-data/velocity.report/internal/db/migrate.go:141.40,143.2 1 1
github.com/banshee-data/velocity.report/internal/db/migrate.go:147.51,156.2 2 1
github.com/banshee-data/velocity.report/internal/db/migrate.go:161.53,162.57 1 1
github.com/banshee-data/velocity.report/internal/db/migrate.go:162.57,164.3 1 0
github.com/banshee-data/velocity.report/internal/db/migrate.go:167.2,169.16 3 1
github.com/banshee-data/velocity.report/internal/db/migrate.go:169.16,171.3 1 0
github.com/banshee-data/velocity.report/internal/db/migrate.go:173.2,173.15 1 1
github.com/banshee-data/velocity.report/internal/db/migrate.go:173.15,175.3 1 1
github.com/banshee-data/velocity.report/internal/db/migrate.go:178.2,179.16 2 1
github.com/banshee-data/velocity.report/internal/db/migrate.go:179.16,181.3 1 0
github.com/banshee-data/velocity.report/internal/db/migrate.go:183.2,184.12 2 1
github.com/banshee-data/velocity.report/internal/db/migrate.go:189.86,191.58 2 1
github.com/banshee-data/velocity.report/internal/db/migrate.go:191.58,193.3 1 0
github.com/banshee-data/velocity.report/internal/db/migrate.go:195.2,207.40 4 1
github.com/banshee-data/velocity.report/internal/db/migrate.go:207.40,209.3 1 0
github.com/banshee-data/velocity.report/internal/db/migrate.go:211.2,213.20 2 1
github.com/banshee-data/velocity.report/internal/db/migrate.go:218.66,221.16 2 1
github.com/banshee-data/velocity.report/internal/db/migrate.go:221.16,223.3 1 0
github.com/banshee-data/velocity.report/internal/db/migrate.go:225.2,225.23 1 1
github.com/banshee-data/velocity.report/internal/db/migrate.go:225.23,227.3 1 1
github.com/banshee-data/velocity.report/internal/db/migrate.go:230.2,231.32 2 1
github.com/banshee-data/velocity.report/internal/db/migrate.go:231.32,232.20 1 1
github.com/banshee-data/velocity.report/internal/db/migrate.go:232.20,233.12 1 0
github.com/banshee-data/velocity.report/internal/db/migrate.go:235.3,237.45 2 1
github.com/banshee-data/velocity.report/internal/db/migrate.go:237.45,239.67 2 1
github.com/banshee-data/velocity.report/internal/db/migrate.go:239.67,240.29 1 1
github.com/banshee-data/velocity.report/internal/db/migrate.go:240.29,242.6 1 1
github.com/banshee-data/velocity.report/internal/db/migrate.go:247.2,247.21 1 1
github.com/banshee-data/velocity.report/internal/db/migrate.go:247.21,249.3 1 0
github.com/banshee-data/velocity.report/internal/db/migrate.go:251.2,251.24 1 1
github.com/banshee-data/velocity.report/internal/db/migrate.go:256.62,269.16 3 1
github.com/banshee-data/velocity.report/internal/db/migrate.go:269.16,271.3 1 0
github.com/banshee-data/velocity.report/internal/db/migrate.go:272.2,274.18 2 1
github.com/banshee-data/velocity.report/internal/db/migrate.go:274.18,276.51 2 1
github.com/banshee-data/velocity.report/internal/db/migrate.go:276.51,278.4 1 0
github.com/banshee-data/velocity.report/internal/db/migrate.go:280.3,280.51 1 1
github.com/banshee-data/velocity.report/internal/db/migrate.go:283.2,283.20 1 1
github.com/banshee-data/velocity.report/internal/db/migrate.go:287.51,313.2 10 1
github.com/banshee-data/velocity.report/internal/db/migrate.go:317.103,320.16 2 1
github.com/banshee-data/velocity.report/internal/db/migrate.go:320.16,322.3 1 0
github.com/banshee-data/velocity.report/internal/db/migrate.go:323.2,328.74 3 1
github.com/banshee-data/velocity.report/internal/db/migrate.go:328.74,330.3 1 0
github.com/banshee-data/velocity.report/internal/db/migrate.go:333.2,333.39 1 1
github.com/banshee-data/velocity.report/internal/db/migrate.go:337.36,362.2 11 1
github.com/banshee-data/velocity.report/internal/db/migrate.go:366.91,368.25 2 1
github.com/banshee-data/velocity.report/internal/db/migrate.go:368.25,370.3 1 1
github.com/banshee-data/velocity.report/internal/db/migrate.go:371.2,371.25 1 1
github.com/banshee-data/velocity.report/internal/db/migrate.go:371.25,373.3 1 1
github.com/banshee-data/velocity.report/internal/db/migrate.go:375.2,376.23 2 1
github.com/banshee-data/velocity.report/internal/db/migrate.go:376.23,378.3 1 0
github.com/banshee-data/velocity.report/internal/db/migrate.go:380.2,381.27 2 1
github.com/banshee-data/velocity.report/internal/db/migrate.go:381.27,385.15 3 1
github.com/banshee-data/velocity.report/internal/db/migrate.go:385.15,387.4 1 1
github.com/banshee-data/velocity.report/internal/db/migrate.go:387.9,387.22 1 1
github.com/banshee-data/velocity.report/internal/db/migrate.go:387.22,389.4 1 1
github.com/banshee-data/velocity.report/internal/db/migrate.go:389.9,389.54 1 1
github.com/banshee-data/velocity.report/internal/db/migrate.go:389.54,391.4 1 1
github.com/banshee-data/velocity.report/internal/db/migrate.go:391.9,395.4 3 1
github.com/banshee-data/velocity.report/internal/db/migrate.go:398.2,399.27 2 1
github.com/banshee-data/velocity.report/internal/db/migrate.go:410.127,412.16 2 1
github.com/banshee-data/velocity.report/internal/db/migrate.go:412.16,414.3 1 0
github.com/banshee-data/velocity.report/internal/db/migrate.go:416.2,417.16 2 1
github.com/banshee-data/velocity.report/internal/db/migrate.go:417.16,419.3 1 0
github.com/banshee-data/velocity.report/internal/db/migrate.go:422.2,423.16 2 1
github.com/banshee-data/velocity.report/internal/db/migrate.go:423.16,425.3 1 0
github.com/banshee-data/velocity.report/internal/db/migrate.go:426.2,436.62 6 1
github.com/banshee-data/velocity.report/internal/db/migrate.go:436.62,438.69 1 1
github.com/banshee-data/velocity.report/internal/db/migrate.go:438.69,440.12 2 0
github.com/banshee-data/velocity.report/internal/db/migrate.go:444.3,445.17 2 1
github.com/banshee-data/velocity.report/internal/db/migrate.go:445.17,447.12 2 0
github.com/banshee-data/velocity.report/internal/db/migrate.go:451.3,455.64 2 1
github.com/banshee-data/velocity.report/internal/db/migrate.go:455.64,459.4 3 1
github.com/banshee-data/velocity.report/internal/db/migrate.go:467.3,467.48 1 1
github.com/banshee-data/velocity.report/internal/db/migrate.go:467.48,469.29 2 0
github.com/banshee-data/velocity.report/internal/db/migrate.go:469.29,472.65 1 0
github.com/banshee-data/velocity.report/internal/db/migrate.go:472.65,474.76 2 0
github.com/banshee-data/velocity.report/internal/db/migrate.go:474.76,475.15 1 0
github.com/banshee-data/velocity.report/internal/db/migrate.go:477.6,478.20 2 0
github.com/banshee-data/velocity.report/internal/db/migrate.go:478.20,479.15 1 0
github.com/banshee-data/velocity.report/internal/db/migrate.go:481.6,482.31 2 0
github.com/banshee-data/velocity.report/internal/db/migrate.go:482.31,486.7 3 0
github.com/banshee-data/velocity.report/internal/db/migrate.go:488.6,488.24 1 0
github.com/banshee-data/velocity.report/internal/db/migrate.go:488.24,489.12 1 0
github.com/banshee-data/velocity.report/internal/db/migrate.go:492.5,492.10 1 0
github.com/banshee-data/velocity.report/internal/db/migrate.go:497.2,497.53 1 1
github.com/banshee-data/velocity.report/internal/db/migrate.go:503.74,506.58 2 1
github.com/banshee-data/velocity.report/internal/db/migrate.go:506.58,508.3 1 0
github.com/banshee-data/velocity.report/internal/db/migrate.go:511.2,512.16 2 1
github.com/banshee-data/velocity.report/internal/db/migrate.go:512.16,514.3 1 0
github.com/banshee-data/velocity.report/internal/db/migrate.go:517.2,517.47 1 1
github.com/banshee-data/velocity.report/internal/db/migrate.go:517.47,519.3 1 1
github.com/banshee-data/velocity.report/internal/db/migrate.go:522.2,522.11 1 1
github.com/banshee-data/velocity.report/internal/db/migrate.go:522.11,524.3 1 1
github.com/banshee-data/velocity.report/internal/db/migrate.go:527.2,527.36 1 1
github.com/banshee-data/velocity.report/internal/db/migrate.go:527.36,529.3 1 0
github.com/banshee-data/velocity.report/internal/db/migrate.go:532.2,545.135 13 1
github.com/banshee-data/velocity.report/internal/db/migrate_cli.go:11.54,12.19 1 0
github.com/banshee-data/velocity.report/internal/db/migrate_cli.go:12.19,15.3 2 0
github.com/banshee-data/velocity.report/internal/db/migrate_cli.go:17.2,21.16 3 0
github.com/banshee-data/velocity.report/internal/db/migrate_cli.go:21.16,23.3 1 0
github.com/banshee-data/velocity.report/internal/db/migrate_cli.go:27.2,28.16 2 0
github.com/banshee-data/velocity.report/internal/db/migrate_cli.go:28.16,30.3 1 0
github.com/banshee-data/velocity.report/internal/db/migrate_cli.go:31.2,33.16 2 0
github.com/banshee-data/velocity.report/internal/db/migrate_cli.go:34.12,35.42 1 0
github.com/banshee-data/velocity.report/internal/db/migrate_cli.go:37.14,38.44 1 0
github.com/banshee-data/velocity.report/internal/db/migrate_cli.go:40.16,41.46 1 0
github.com/banshee-data/velocity.report/internal/db/migrate_cli.go:43.17,44.20 1 0
github.com/banshee-data/velocity.report/internal/db/migrate_cli.go:44.20,46.4 1 0
github.com/banshee-data/velocity.report/internal/db/migrate_cli.go:47.3,47.56 1 0
github.com/banshee-data/velocity.report/internal/db/migrate_cli.go:49.15,50.20 1 0
github.com/banshee-data/velocity.report/internal/db/migrate_cli.go:50.20,52.4 1 0
github.com/banshee-data/velocity.report/internal/db/migrate_cli.go:53.3,53.54 1 0
github.com/banshee-data/velocity.report/internal/db/migrate_cli.go:55.18,56.20 1 0
github.com/banshee-data/velocity.report/internal/db/migrate_cli.go:56.20,58.4 1 0
github.com/banshee-data/velocity.report/internal/db/migrate_cli.go:59.3,59.43 1 0
github.com/banshee-data/velocity.report/internal/db/migrate_cli.go:61.16,62.46 1 0
github.com/banshee-data/velocity.report/internal/db/migrate_cli.go:64.14,65.21 1 0
github.com/banshee-data/velocity.report/internal/db/migrate_cli.go:67.10,70.13 3 0
github.com/banshee-data/velocity.report/internal/db/migrate_cli.go:75.56,77.57 2 0
github.com/banshee-data/velocity.report/internal/db/migrate_cli.go:77.57,79.3 1 0
github.com/banshee-data/velocity.report/internal/db/migrate_cli.go:80.2,84.63 3 0
github.com/banshee-data/velocity.report/internal/db/migrate_cli.go:88.58,90.59 2 0
github.com/banshee-data/velocity.report/internal/db/migrate_cli.go:90.59,92.3 1 0
github.com/banshee-data/velocity.report/internal/db/migrate_cli.go:93.2,97.63 3 0
github.com/banshee-data/velocity.report/internal/db/migrate_cli.go:101.60,103.16 2 0
github.com/banshee-data/velocity.report/internal/db/migrate_cli.go:103.16,105.3 1 0
github.com/banshee-data/velocity.report/internal/db/migrate_cli.go:107.2,108.16 2 0
github.com/banshee-data/velocity.report/internal/db/migrate_cli.go:108.16,110.3 1 0
github.com/banshee-data/velocity.report/internal/db/migrate_cli.go:112.2,117.11 5 0
github.com/banshee-data/velocity.report/internal/db/migrate_cli.go:117.11,123.3 5 0
github.com/banshee-data/velocity.report/internal/db/migrate_cli.go:127.80,129.72 2 0
github.com/banshee-data/velocity.report/internal/db/migrate_cli.go:129.72,131.3 1 0
github.com/banshee-data/velocity.report/internal/db/migrate_cli.go:133.2,134.72 2 0
github.com/banshee-data/velocity.report/internal/db/migrate_cli.go:134.72,136.3 1 0
github.com/banshee-data/velocity.report/internal/db/migrate_cli.go:137.2,137.70 1 0
github.com/banshee-data/velocity.report/internal/db/migrate_cli.go:141.78,143.71 2 0
github.com/banshee-data/velocity.report/internal/db/migrate_cli.go:143.71,145.3 1 0
github.com/banshee-data/velocity.report/internal/db/migrate_cli.go:147.2,153.40 6 0
github.com/banshee-data/velocity.report/internal/db/migrate_cli.go:153.40,156.3 2 0
github.com/banshee-data/velocity.report/internal/db/migrate_cli.go:158.2,158.74 1 0
github.com/banshee-data/velocity.report/internal/db/migrate_cli.go:158.74,160.3 1 0
github.com/banshee-data/velocity.report/internal/db/migrate_cli.go:161.2,161.64 1 0
github.com/banshee-data/velocity.report/internal/db/migrate_cli.go:165.61,167.74 2 0
github.com/banshee-data/velocity.report/internal/db/migrate_cli.go:167.74,169.3 1 0
github.com/banshee-data/velocity.report/internal/db/migrate_cli.go:171.2,172.68 2 0
github.com/banshee-data/velocity.report/internal/db/migrate_cli.go:172.68,174.3 1 0
github.com/banshee-data/velocity.report/internal/db/migrate_cli.go:175.2,175.69 1 0
github.com/banshee-data/velocity.report/internal/db/migrate_cli.go:179.60,191.16 5 0
github.com/banshee-data/velocity.report/internal/db/migrate_cli.go:191.16,193.3 1 0
github.com/banshee-data/velocity.report/internal/db/migrate_cli.go:195.2,195.28 1 0
github.com/banshee-data/velocity.report/internal/db/migrate_cli.go:195.28,198.17 2 0
github.com/banshee-data/velocity.report/internal/db/migrate_cli.go:198.17,200.4 1 0
github.com/banshee-data/velocity.report/internal/db/migrate_cli.go:202.3,203.17 2 0
github.com/banshee-data/velocity.report/internal/db/migrate_cli.go:203.17,205.4 1 0
github.com/banshee-data/velocity.report/internal/db/migrate_cli.go:207.3,213.30 6 0
github.com/banshee-data/velocity.report/internal/db/migrate_cli.go:213.30,215.4 1 0
github.com/banshee-data/velocity.report/internal/db/migrate_cli.go:215.9,215.48 1 0
github.com/banshee-data/velocity.report/internal/db/migrate_cli.go:215.48,217.4 1 0
github.com/banshee-data/velocity.report/internal/db/migrate_cli.go:217.9,217.19 1 0
github.com/banshee-data/velocity.report/internal/db/migrate_cli.go:217.19,219.4 1 0
github.com/banshee-data/velocity.report/internal/db/migrate_cli.go:220.8,226.17 4 0
github.com/banshee-data/velocity.report/internal/db/migrate_cli.go:226.17,228.4 1 0
github.com/banshee-data/velocity.report/internal/db/migrate_cli.go:230.3,231.17 2 0
github.com/banshee-data/velocity.report/internal/db/migrate_cli.go:231.17,233.4 1 0
github.com/banshee-data/velocity.report/internal/db/migrate_cli.go:235.3,241.24 6 0
github.com/banshee-data/velocity.report/internal/db/migrate_cli.go:241.24,246.39 5 0
github.com/banshee-data/velocity.report/internal/db/migrate_cli.go:246.39,248.5 1 0
github.com/banshee-data/velocity.report/internal/db/migrate_cli.go:249.9,253.37 4 0
github.com/banshee-data/velocity.report/internal/db/migrate_cli.go:253.37,255.5 1 0
github.com/banshee-data/velocity.report/internal/db/migrate_cli.go:256.4,259.76 4 0
github.com/banshee-data/velocity.report/internal/db/migrate_cli.go:265.25,307.2 41 0
github.com/banshee-data/velocity.report/internal/db/site.go:28.44,38.21 3 1
github.com/banshee-data/velocity.report/internal/db/site.go:38.21,40.3 1 1
github.com/banshee-data/velocity.report/internal/db/site.go:42.2,56.16 2 1
github.com/banshee-data/velocity.report/internal/db/site.go:56.16,58.3 1 1
github.com/banshee-data/velocity.report/internal/db/site.go:60.2,61.16 2 1
github.com/banshee-data/velocity.report/internal/db/site.go:61.16,63.3 1 0
github.com/banshee-data/velocity.report/internal/db/site.go:65.2,66.12 2 1
github.com/banshee-data/velocity.report/internal/db/site.go:70.46,102.26 6 1
github.com/banshee-data/velocity.report/internal/db/site.go:102.26,104.3 1 1
github.com/banshee-data/velocity.report/internal/db/site.go:105.2,105.16 1 1
github.com/banshee-data/velocity.report/internal/db/site.go:105.16,107.3 1 0
github.com/banshee-data/velocity.report/internal/db/site.go:109.2,113.19 4 1
github.com/banshee-data/velocity.report/internal/db/site.go:117.45,129.16 3 1
github.com/banshee-data/velocity.report/internal/db/site.go:129.16,131.3 1 0
github.com/banshee-data/velocity.report/internal/db/site.go:132.2,135.18 3 1
github.com/banshee-data/velocity.report/internal/db/site.go:135.18,156.17 5 1
github.com/banshee-data/velocity.report/internal/db/site.go:156.17,158.4 1 0
github.com/banshee-data/velocity.report/internal/db/site.go:160.3,164.30 4 1
github.com/banshee-data/velocity.report/internal/db/site.go:167.2,167.34 1 1
github.com/banshee-data/velocity.report/internal/db/site.go:167.34,169.3 1 0
github.com/banshee-data/velocity.report/internal/db/site.go:171.2,171.19 1 1
github.com/banshee-data/velocity.report/internal/db/site.go:175.44,193.21 3 1
github.com/banshee-data/velocity.report/internal/db/site.go:193.21,195.3 1 0
github.com/banshee-data/velocity.report/internal/db/site.go:197.2,212.16 2 1
github.com/banshee-data/velocity.report/internal/db/site.go:212.16,214.3 1 0
github.com/banshee-data/velocity.report/internal/db/site.go:216.2,217.16 2 1
github.com/banshee-data/velocity.report/internal/db/site.go:217.16,219.3 1 0
github.com/banshee-data/velocity.report/internal/db/site.go:221.2,221.23 1 1
github.com/banshee-data/velocity.report/internal/db/site.go:221.23,223.3 1 1
github.com/banshee-data/velocity.report/internal/db/site.go:228.2,228.12 1 1
github.com/banshee-data/velocity.report/internal/db/site.go:232.40,236.16 3 1
github.com/banshee-data/velocity.report/internal/db/site.go:236.16,238.3 1 0
github.com/banshee-data/velocity.report/internal/db/site.go:240.2,241.16 2 1
github.com/banshee-data/velocity.report/internal/db/site.go:241.16,243.3 1 0
github.com/banshee-data/velocity.report/internal/db/site.go:245.2,245.23 1 1
github.com/banshee-data/velocity.report/internal/db/site.go:245.23,247.3 1 1
github.com/banshee-data/velocity.report/internal/db/site.go:249.2,249.12 1 1
github.com/banshee-data/velocity.report/internal/db/site_config_periods.go:26.78,34.19 3 1
github.com/banshee-data/velocity.report/internal/db/site_config_periods.go:34.19,37.3 2 1
github.com/banshee-data/velocity.report/internal/db/site_config_periods.go:38.2,41.16 3 1
github.com/banshee-data/velocity.report/internal/db/site_config_periods.go:41.16,43.3 1 0
github.com/banshee-data/velocity.report/internal/db/site_config_periods.go:44.2,47.18 3 1
github.com/banshee-data/velocity.report/internal/db/site_config_periods.go:47.18,62.17 5 1
github.com/banshee-data/velocity.report/internal/db/site_config_periods.go:62.17,64.4 1 0
github.com/banshee-data/velocity.report/internal/db/site_config_periods.go:65.3,65.20 1 1
github.com/banshee-data/velocity.report/internal/db/site_config_periods.go:65.20,68.4 2 1
github.com/banshee-data/velocity.report/internal/db/site_config_periods.go:69.3,72.36 4 1
github.com/banshee-data/velocity.report/internal/db/site_config_periods.go:74.2,74.35 1 1
github.com/banshee-data/velocity.report/internal/db/site_config_periods.go:74.35,76.3 1 0
github.com/banshee-data/velocity.report/internal/db/site_config_periods.go:78.2,78.21 1 1
github.com/banshee-data/velocity.report/internal/db/site_config_periods.go:82.70,106.26 7 1
github.com/banshee-data/velocity.report/internal/db/site_config_periods.go:106.26,108.3 1 1
github.com/banshee-data/velocity.report/internal/db/site_config_periods.go:109.2,109.16 1 1
github.com/banshee-data/velocity.report/internal/db/site_config_periods.go:109.16,111.3 1 0
github.com/banshee-data/velocity.report/internal/db/site_config_periods.go:112.2,112.19 1 1
github.com/banshee-data/velocity.report/internal/db/site_config_periods.go:112.19,115.3 2 1
github.com/banshee-data/velocity.report/internal/db/site_config_periods.go:116.2,120.21 4 1
github.com/banshee-data/velocity.report/internal/db/site_config_periods.go:124.80,150.26 7 1
github.com/banshee-data/velocity.report/internal/db/site_config_periods.go:150.26,152.3 1 1
github.com/banshee-data/velocity.report/internal/db/site_config_periods.go:153.2,153.16 1 1
github.com/banshee-data/velocity.report/internal/db/site_config_periods.go:153.16,155.3 1 0
github.com/banshee-data/velocity.report/internal/db/site_config_periods.go:156.2,156.19 1 1
github.com/banshee-data/velocity.report/internal/db/site_config_periods.go:156.19,159.3 2 0
github.com/banshee-data/velocity.report/internal/db/site_config_periods.go:160.2,164.21 4 1
github.com/banshee-data/velocity.report/internal/db/site_config_periods.go:168.70,169.57 1 1
github.com/banshee-data/velocity.report/internal/db/site_config_periods.go:169.57,171.3 1 1
github.com/banshee-data/velocity.report/internal/db/site_config_periods.go:172.2,172.56 1 1
github.com/banshee-data/velocity.report/internal/db/site_config_periods.go:172.56,174.3 1 1
github.com/banshee-data/velocity.report/internal/db/site_config_periods.go:176.2,183.21 3 1
github.com/banshee-data/velocity.report/internal/db/site_config_periods.go:183.21,185.3 1 1
github.com/banshee-data/velocity.report/internal/db/site_config_periods.go:187.2,196.16 2 1
github.com/banshee-data/velocity.report/internal/db/site_config_periods.go:196.16,198.3 1 0
github.com/banshee-data/velocity.report/internal/db/site_config_periods.go:200.2,201.16 2 1
github.com/banshee-data/velocity.report/internal/db/site_config_periods.go:201.16,203.3 1 0
github.com/banshee-data/velocity.report/internal/db/site_config_periods.go:204.2,205.12 2 1
github.com/banshee-data/velocity.report/internal/db/site_config_periods.go:209.70,210.20 1 1
github.com/banshee-data/velocity.report/internal/db/site_config_periods.go:210.20,212.3 1 1
github.com/banshee-data/velocity.report/internal/db/site_config_periods.go:213.2,213.57 1 1
github.com/banshee-data/velocity.report/internal/db/site_config_periods.go:213.57,215.3 1 0
github.com/banshee-data/velocity.report/internal/db/site_config_periods.go:216.2,216.63 1 1
github.com/banshee-data/velocity.report/internal/db/site_config_periods.go:216.63,218.3 1 1
github.com/banshee-data/velocity.report/internal/db/site_config_periods.go:220.2,231.21 3 1
github.com/banshee-data/velocity.report/internal/db/site_config_periods.go:231.21,233.3 1 1
github.com/banshee-data/velocity.report/internal/db/site_config_periods.go:235.2,245.16 2 1
github.com/banshee-data/velocity.report/internal/db/site_config_periods.go:245.16,247.3 1 0
github.com/banshee-data/velocity.report/internal/db/site_config_periods.go:249.2,250.16 2 1
github.com/banshee-data/velocity.report/internal/db/site_config_periods.go:250.16,252.3 1 0
github.com/banshee-data/velocity.report/internal/db/site_config_periods.go:253.2,253.23 1 1
github.com/banshee-data/velocity.report/internal/db/site_config_periods.go:253.23,255.3 1 1
github.com/banshee-data/velocity.report/internal/db/site_config_periods.go:257.2,257.12 1 1
github.com/banshee-data/velocity.report/internal/db/site_config_periods.go:260.63,261.24 1 1
github.com/banshee-data/velocity.report/internal/db/site_config_periods.go:261.24,263.3 1 1
github.com/banshee-data/velocity.report/internal/db/site_config_periods.go:264.2,264.35 1 1
github.com/banshee-data/velocity.report/internal/db/site_config_periods.go:264.35,266.3 1 1
github.com/banshee-data/velocity.report/internal/db/site_config_periods.go:267.2,267.93 1 1
github.com/banshee-data/velocity.report/internal/db/site_config_periods.go:267.93,269.3 1 1
github.com/banshee-data/velocity.report/internal/db/site_config_periods.go:270.2,270.41 1 1
github.com/banshee-data/velocity.report/internal/db/site_config_periods.go:270.41,272.3 1 1
github.com/banshee-data/velocity.report/internal/db/site_config_periods.go:273.2,273.69 1 1
github.com/banshee-data/velocity.report/internal/db/site_config_periods.go:273.69,275.3 1 1
github.com/banshee-data/velocity.report/internal/db/site_config_periods.go:276.2,276.12 1 1
github.com/banshee-data/velocity.report/internal/db/site_config_periods.go:279.79,281.36 2 1
github.com/banshee-data/velocity.report/internal/db/site_config_periods.go:281.36,283.3 1 1
github.com/banshee-data/velocity.report/internal/db/site_config_periods.go:285.2,293.22 3 1
github.com/banshee-data/velocity.report/internal/db/site_config_periods.go:293.22,296.3 2 1
github.com/banshee-data/velocity.report/internal/db/site_config_periods.go:298.2,299.68 2 1
github.com/banshee-data/velocity.report/internal/db/site_config_periods.go:299.68,301.3 1 0
github.com/banshee-data/velocity.report/internal/db/site_config_periods.go:302.2,302.15 1 1
github.com/banshee-data/velocity.report/internal/db/site_config_periods.go:302.15,304.3 1 1
github.com/banshee-data/velocity.report/internal/db/site_config_periods.go:305.2,305.12 1 1
github.com/banshee-data/velocity.report/internal/db/site_report.go:27.58,49.16 3 1
github.com/banshee-data/velocity.report/internal/db/site_report.go:49.16,51.3 1 0
github.com/banshee-data/velocity.report/internal/db/site_report.go:53.2,54.16 2 1
github.com/banshee-data/velocity.report/internal/db/site_report.go:54.16,56.3 1 0
github.com/banshee-data/velocity.report/internal/db/site_report.go:58.2,59.12 2 1
github.com/banshee-data/velocity.report/internal/db/site_report.go:63.58,87.26 4 1
github.com/banshee-data/velocity.report/internal/db/site_report.go:87.26,89.3 1 1
github.com/banshee-data/velocity.report/internal/db/site_report.go:90.2,90.16 1 1
github.com/banshee-data/velocity.report/internal/db/site_report.go:90.16,92.3 1 0
github.com/banshee-data/velocity.report/internal/db/site_report.go:94.2,94.21 1 1
github.com/banshee-data/velocity.report/internal/db/site_report.go:98.84,109.16 3 1
github.com/banshee-data/velocity.report/internal/db/site_report.go:109.16,111.3 1 0
github.com/banshee-data/velocity.report/internal/db/site_report.go:112.2,115.18 3 1
github.com/banshee-data/velocity.report/internal/db/site_report.go:115.18,132.17 3 1
github.com/banshee-data/velocity.report/internal/db/site_report.go:132.17,134.4 1 0
github.com/banshee-data/velocity.report/internal/db/site_report.go:135.3,135.36 1 1
github.com/banshee-data/velocity.report/internal/db/site_report.go:138.2,138.21 1 1
github.com/banshee-data/velocity.report/internal/db/site_report.go:142.73,152.16 3 1
github.com/banshee-data/velocity.report/internal/db/site_report.go:152.16,154.3 1 0
github.com/banshee-data/velocity.report/internal/db/site_report.go:155.2,158.18 3 1
github.com/banshee-data/velocity.report/internal/db/site_report.go:158.18,175.17 3 1
github.com/banshee-data/velocity.report/internal/db/site_report.go:175.17,177.4 1 0
github.com/banshee-data/velocity.report/internal/db/site_report.go:178.3,178.36 1 1
github.com/banshee-data/velocity.report/internal/db/site_report.go:181.2,181.21 1 1
github.com/banshee-data/velocity.report/internal/db/site_report.go:185.46,189.16 3 1
github.com/banshee-data/velocity.report/internal/db/site_report.go:189.16,191.3 1 0
github.com/banshee-data/velocity.report/internal/db/site_report.go:193.2,194.16 2 1
github.com/banshee-data/velocity.report/internal/db/site_report.go:194.16,196.3 1 0
github.com/banshee-data/velocity.report/internal/db/site_report.go:198.2,198.23 1 1
github.com/banshee-data/velocity.report/internal/db/site_report.go:198.23,200.3 1 1
github.com/banshee-data/velocity.report/internal/db/site_report.go:202.2,202.12 1 1
github.com/banshee-data/velocity.report/internal/db/transit_controller.go:49.69,58.2 1 1
github.com/banshee-data/velocity.report/internal/db/transit_controller.go:61.47,65.2 3 1
github.com/banshee-data/velocity.report/internal/db/transit_controller.go:69.55,74.13 4 1
github.com/banshee-data/velocity.report/internal/db/transit_controller.go:74.13,77.3 1 1
github.com/banshee-data/velocity.report/internal/db/transit_controller.go:82.49,83.9 1 1
github.com/banshee-data/velocity.report/internal/db/transit_controller.go:84.38,84.38 0 1
github.com/banshee-data/velocity.report/internal/db/transit_controller.go:86.10,88.72 1 1
github.com/banshee-data/velocity.report/internal/db/transit_controller.go:94.54,95.9 1 0
github.com/banshee-data/velocity.report/internal/db/transit_controller.go:96.36,96.36 0 0
github.com/banshee-data/velocity.report/internal/db/transit_controller.go:98.10,100.78 1 0
github.com/banshee-data/velocity.report/internal/db/transit_controller.go:105.56,116.28 4 1
github.com/banshee-data/velocity.report/internal/db/transit_controller.go:116.28,119.3 2 1
github.com/banshee-data/velocity.report/internal/db/transit_controller.go:120.2,120.26 1 1
github.com/banshee-data/velocity.report/internal/db/transit_controller.go:120.26,123.3 2 1
github.com/banshee-data/velocity.report/internal/db/transit_controller.go:124.2,124.23 1 1
github.com/banshee-data/velocity.report/internal/db/transit_controller.go:124.23,127.3 2 1
github.com/banshee-data/velocity.report/internal/db/transit_controller.go:130.2,130.42 1 1
github.com/banshee-data/velocity.report/internal/db/transit_controller.go:130.42,132.50 2 1
github.com/banshee-data/velocity.report/internal/db/transit_controller.go:132.50,134.4 1 0
github.com/banshee-data/velocity.report/internal/db/transit_controller.go:137.2,137.15 1 1
github.com/banshee-data/velocity.report/internal/db/transit_controller.go:140.55,147.2 3 1
github.com/banshee-data/velocity.report/internal/db/transit_controller.go:149.51,154.26 4 1
github.com/banshee-data/velocity.report/internal/db/transit_controller.go:154.26,159.3 1 0
github.com/banshee-data/velocity.report/internal/db/transit_controller.go:160.2,162.16 3 1
github.com/banshee-data/velocity.report/internal/db/transit_controller.go:162.16,164.3 1 0
github.com/banshee-data/velocity.report/internal/db/transit_controller.go:166.2,171.15 5 1
github.com/banshee-data/velocity.report/internal/db/transit_controller.go:175.51,186.16 5 1
github.com/banshee-data/velocity.report/internal/db/transit_controller.go:186.16,188.3 1 1
github.com/banshee-data/velocity.report/internal/db/transit_controller.go:189.2,193.15 4 1
github.com/banshee-data/velocity.report/internal/db/transit_controller.go:199.61,205.20 4 1
github.com/banshee-data/velocity.report/internal/db/transit_controller.go:205.20,209.17 4 1
github.com/banshee-data/velocity.report/internal/db/transit_controller.go:209.17,211.4 1 0
github.com/banshee-data/velocity.report/internal/db/transit_controller.go:211.9,213.4 1 1
github.com/banshee-data/velocity.report/internal/db/transit_controller.go:216.2,216.6 1 1
github.com/banshee-data/velocity.report/internal/db/transit_controller.go:216.6,217.10 1 1
github.com/banshee-data/velocity.report/internal/db/transit_controller.go:218.19,220.22 1 1
github.com/banshee-data/velocity.report/internal/db/transit_controller.go:220.22,225.19 5 1
github.com/banshee-data/velocity.report/internal/db/transit_controller.go:225.19,227.6 1 0
github.com/banshee-data/velocity.report/internal/db/transit_controller.go:227.11,229.6 1 1
github.com/banshee-data/velocity.report/internal/db/transit_controller.go:230.10,232.5 1 1
github.com/banshee-data/velocity.report/internal/db/transit_controller.go:233.27,235.22 1 1
github.com/banshee-data/velocity.report/internal/db/transit_controller.go:235.22,240.19 5 1
github.com/banshee-data/velocity.report/internal/db/transit_controller.go:240.19,242.6 1 0
github.com/banshee-data/velocity.report/internal/db/transit_controller.go:242.11,244.6 1 1
github.com/banshee-data/velocity.report/internal/db/transit_controller.go:245.10,247.5 1 1
github.com/banshee-data/velocity.report/internal/db/transit_controller.go:248.25,250.22 1 0
github.com/banshee-data/velocity.report/internal/db/transit_controller.go:250.22,255.19 5 0
github.com/banshee-data/velocity.report/internal/db/transit_controller.go:255.19,257.6 1 0
github.com/banshee-data/velocity.report/internal/db/transit_controller.go:257.11,259.6 1 0
github.com/banshee-data/velocity.report/internal/db/transit_controller.go:260.10,262.5 1 0
github.com/banshee-data/velocity.report/internal/db/transit_controller.go:263.21,265.20 2 1
github.com/banshee-data/velocity.report/internal/db/transit_worker.go:26.89,35.2 1 1
github.com/banshee-data/velocity.report/internal/db/transit_worker.go:38.33,39.12 1 1
github.com/banshee-data/velocity.report/internal/db/transit_worker.go:39.12,42.7 3 1
github.com/banshee-data/velocity.report/internal/db/transit_worker.go:42.7,43.11 1 1
github.com/banshee-data/velocity.report/internal/db/transit_worker.go:44.20,45.59 1 0
github.com/banshee-data/velocity.report/internal/db/transit_worker.go:45.59,47.6 1 0
github.com/banshee-data/velocity.report/internal/db/transit_worker.go:48.22,49.11 1 1
github.com/banshee-data/velocity.report/internal/db/transit_worker.go:56.32,58.2 1 1
github.com/banshee-data/velocity.report/internal/db/transit_worker.go:61.60,68.2 4 1
github.com/banshee-data/velocity.report/internal/db/transit_worker.go:71.67,74.138 3 1
github.com/banshee-data/velocity.report/internal/db/transit_worker.go:74.138,76.3 1 0
github.com/banshee-data/velocity.report/internal/db/transit_worker.go:77.2,77.32 1 1
github.com/banshee-data/velocity.report/internal/db/transit_worker.go:77.32,80.3 2 1
github.com/banshee-data/velocity.report/internal/db/transit_worker.go:81.2,81.34 1 1
github.com/banshee-data/velocity.report/internal/db/transit_worker.go:81.34,84.3 2 0
github.com/banshee-data/velocity.report/internal/db/transit_worker.go:85.2,85.52 1 1
github.com/banshee-data/velocity.report/internal/db/transit_worker.go:89.81,93.16 2 1
github.com/banshee-data/velocity.report/internal/db/transit_worker.go:93.16,95.3 1 0
github.com/banshee-data/velocity.report/internal/db/transit_worker.go:96.2,119.16 4 1
github.com/banshee-data/velocity.report/internal/db/transit_worker.go:119.16,121.3 1 0
github.com/banshee-data/velocity.report/internal/db/transit_worker.go:123.2,124.17 2 1
github.com/banshee-data/velocity.report/internal/db/transit_worker.go:124.17,127.3 1 1
github.com/banshee-data/velocity.report/internal/db/transit_worker.go:130.2,146.16 3 1
github.com/banshee-data/velocity.report/internal/db/transit_worker.go:146.16,148.3 1 0
github.com/banshee-data/velocity.report/internal/db/transit_worker.go:149.2,158.18 4 1
github.com/banshee-data/velocity.report/internal/db/transit_worker.go:158.18,160.70 2 1
github.com/banshee-data/velocity.report/internal/db/transit_worker.go:160.70,162.4 1 0
github.com/banshee-data/velocity.report/internal/db/transit_worker.go:163.3,163.29 1 1
github.com/banshee-data/velocity.report/internal/db/transit_worker.go:165.2,165.35 1 1
github.com/banshee-data/velocity.report/internal/db/transit_worker.go:165.35,167.3 1 0
github.com/banshee-data/velocity.report/internal/db/transit_worker.go:171.2,187.27 5 1
github.com/banshee-data/velocity.report/internal/db/transit_worker.go:187.27,191.27 3 1
github.com/banshee-data/velocity.report/internal/db/transit_worker.go:191.27,193.27 2 1
github.com/banshee-data/velocity.report/internal/db/transit_worker.go:193.27,194.13 1 1
github.com/banshee-data/velocity.report/internal/db/transit_worker.go:197.4,198.48 2 0
github.com/banshee-data/velocity.report/internal/db/transit_worker.go:198.48,201.5 2 0
github.com/banshee-data/velocity.report/internal/db/transit_worker.go:204.3,204.20 1 1
github.com/banshee-data/velocity.report/internal/db/transit_worker.go:204.20,216.19 2 1
github.com/banshee-data/velocity.report/internal/db/transit_worker.go:216.19,219.5 2 1
github.com/banshee-data/velocity.report/internal/db/transit_worker.go:220.4,221.34 2 1
github.com/banshee-data/velocity.report/internal/db/transit_worker.go:222.9,225.22 2 0
github.com/banshee-data/velocity.report/internal/db/transit_worker.go:225.22,227.5 1 0
github.com/banshee-data/velocity.report/internal/db/transit_worker.go:228.4,228.20 1 0
github.com/banshee-data/velocity.report/internal/db/transit_worker.go:228.20,230.5 1 0
github.com/banshee-data/velocity.report/internal/db/transit_worker.go:231.4,231.25 1 0
github.com/banshee-data/velocity.report/internal/db/transit_worker.go:231.25,233.5 1 0
github.com/banshee-data/velocity.report/internal/db/transit_worker.go:234.4,234.25 1 0
github.com/banshee-data/velocity.report/internal/db/transit_worker.go:234.25,236.5 1 0
github.com/banshee-data/velocity.report/internal/db/transit_worker.go:237.4,237.47 1 0
github.com/banshee-data/velocity.report/internal/db/transit_worker.go:237.47,239.5 1 0
github.com/banshee-data/velocity.report/internal/db/transit_worker.go:240.4,240.66 1 0
github.com/banshee-data/velocity.report/internal/db/transit_worker.go:240.66,242.5 1 0
github.com/banshee-data/velocity.report/internal/db/transit_worker.go:243.4,244.34 2 0
github.com/banshee-data/velocity.report/internal/db/transit_worker.go:249.2,276.16 2 1
github.com/banshee-data/velocity.report/internal/db/transit_worker.go:276.16,278.3 1 0
github.com/banshee-data/velocity.report/internal/db/transit_worker.go:279.2,293.72 3 1
github.com/banshee-data/velocity.report/internal/db/transit_worker.go:293.72,295.3 1 0
github.com/banshee-data/velocity.report/internal/db/transit_worker.go:298.2,311.16 2 1
github.com/banshee-data/velocity.report/internal/db/transit_worker.go:311.16,313.3 1 0
github.com/banshee-data/velocity.report/internal/db/transit_worker.go:314.2,321.29 5 1
github.com/banshee-data/velocity.report/internal/db/transit_worker.go:321.29,328.17 5 1
github.com/banshee-data/velocity.report/internal/db/transit_worker.go:328.17,330.4 1 0
github.com/banshee-data/velocity.report/internal/db/transit_worker.go:333.3,345.34 2 1
github.com/banshee-data/velocity.report/internal/db/transit_worker.go:345.34,347.4 1 0
github.com/banshee-data/velocity.report/internal/db/transit_worker.go:350.3,353.30 4 1
github.com/banshee-data/velocity.report/internal/db/transit_worker.go:353.30,355.36 1 1
github.com/banshee-data/velocity.report/internal/db/transit_worker.go:355.36,356.13 1 0
github.com/banshee-data/velocity.report/internal/db/transit_worker.go:358.4,363.24 6 1
github.com/banshee-data/velocity.report/internal/db/transit_worker.go:363.24,364.13 1 0
github.com/banshee-data/velocity.report/internal/db/transit_worker.go:366.4,366.84 1 1
github.com/banshee-data/velocity.report/internal/db/transit_worker.go:366.84,368.5 1 0
github.com/banshee-data/velocity.report/internal/db/transit_worker.go:372.2,372.36 1 1
github.com/banshee-data/velocity.report/internal/db/transit_worker.go:372.36,374.3 1 0
github.com/banshee-data/velocity.report/internal/db/transit_worker.go:376.2,376.12 1 1
github.com/banshee-data/velocity.report/internal/db/transit_worker.go:381.91,382.34 1 1
github.com/banshee-data/velocity.report/internal/db/transit_worker.go:382.34,384.3 1 1
github.com/banshee-data/velocity.report/internal/db/transit_worker.go:386.2,393.16 3 1
github.com/banshee-data/velocity.report/internal/db/transit_worker.go:393.16,395.3 1 0
github.com/banshee-data/velocity.report/internal/db/transit_worker.go:397.2,401.30 3 1
github.com/banshee-data/velocity.report/internal/db/transit_worker.go:405.100,410.16 2 1
github.com/banshee-data/velocity.report/internal/db/transit_worker.go:410.16,412.3 1 0
github.com/banshee-data/velocity.report/internal/db/transit_worker.go:413.2,413.30 1 1
github.com/banshee-data/velocity.report/internal/db/transit_worker.go:431.89,437.119 2 1
github.com/banshee-data/velocity.report/internal/db/transit_worker.go:437.119,439.3 1 0
github.com/banshee-data/velocity.report/internal/db/transit_worker.go:442.2,443.16 2 1
github.com/banshee-data/velocity.report/internal/db/transit_worker.go:443.16,445.3 1 0
github.com/banshee-data/velocity.report/internal/db/transit_worker.go:446.2,448.18 2 1
github.com/banshee-data/velocity.report/internal/db/transit_worker.go:448.18,451.48 3 1
github.com/banshee-data/velocity.report/internal/db/transit_worker.go:451.48,453.4 1 0
github.com/banshee-data/velocity.report/internal/db/transit_worker.go:454.3,455.15 2 1
github.com/banshee-data/velocity.report/internal/db/transit_worker.go:455.15,457.4 1 1
github.com/banshee-data/velocity.report/internal/db/transit_worker.go:458.3,458.40 1 1
github.com/banshee-data/velocity.report/internal/db/transit_worker.go:462.2,484.16 3 1
github.com/banshee-data/velocity.report/internal/db/transit_worker.go:484.16,486.3 1 0
github.com/banshee-data/velocity.report/internal/db/transit_worker.go:487.2,489.25 2 1
github.com/banshee-data/velocity.report/internal/db/transit_worker.go:489.25,491.95 2 1
github.com/banshee-data/velocity.report/internal/db/transit_worker.go:491.95,493.4 1 0
github.com/banshee-data/velocity.report/internal/db/transit_worker.go:494.3,494.45 1 1
github.com/banshee-data/velocity.report/internal/db/transit_worker.go:497.2,497.19 1 1
github.com/banshee-data/velocity.report/internal/monitoring/logger.go:10.57,11.14 1 1
github.com/banshee-data/velocity.report/internal/monitoring/logger.go:11.14,12.39 1 1
github.com/banshee-data/velocity.report/internal/monitoring/logger.go:12.40,12.41 0 1
github.com/banshee-data/velocity.report/internal/monitoring/logger.go:13.3,13.9 1 1
github.com/banshee-data/velocity.report/internal/monitoring/logger.go:15.2,15.10 1 1
github.com/banshee-data/velocity.report/internal/serialmux/disabled.go:21.48,25.2 1 1
github.com/banshee-data/velocity.report/internal/serialmux/disabled.go:27.63,32.15 4 1
github.com/banshee-data/velocity.report/internal/serialmux/disabled.go:32.15,37.3 3 1
github.com/banshee-data/velocity.report/internal/serialmux/disabled.go:38.2,40.15 3 1
github.com/banshee-data/velocity.report/internal/serialmux/disabled.go:43.52,45.37 2 1
github.com/banshee-data/velocity.report/internal/serialmux/disabled.go:45.37,48.3 2 1
github.com/banshee-data/velocity.report/internal/serialmux/disabled.go:49.2,49.15 1 1
github.com/banshee-data/velocity.report/internal/serialmux/disabled.go:52.55,52.69 1 1
github.com/banshee-data/velocity.report/internal/serialmux/disabled.go:54.64,54.98 2 1
github.com/banshee-data/velocity.report/internal/serialmux/disabled.go:56.43,58.15 2 1
github.com/banshee-data/velocity.report/internal/serialmux/disabled.go:58.15,61.3 2 1
github.com/banshee-data/velocity.report/internal/serialmux/disabled.go:62.2,64.36 2 1
github.com/banshee-data/velocity.report/internal/serialmux/disabled.go:64.36,67.3 2 1
github.com/banshee-data/velocity.report/internal/serialmux/disabled.go:68.2,69.12 2 1
github.com/banshee-data/velocity.report/internal/serialmux/disabled.go:72.48,72.62 1 1
github.com/banshee-data/velocity.report/internal/serialmux/disabled.go:74.67,75.88 1 1
github.com/banshee-data/velocity.report/internal/serialmux/disabled.go:75.88,78.3 2 1
github.com/banshee-data/velocity.report/internal/serialmux/factory.go:9.69,18.16 3 1
github.com/banshee-data/velocity.report/internal/serialmux/factory.go:18.16,20.3 1 1
github.com/banshee-data/velocity.report/internal/serialmux/factory.go:22.2,22.45 1 0
github.com/banshee-data/velocity.report/internal/serialmux/handlers.go:15.56,19.2 2 1
github.com/banshee-data/velocity.report/internal/serialmux/handlers.go:21.52,25.2 2 1
github.com/banshee-data/velocity.report/internal/serialmux/handlers.go:27.49,30.71 2 1
github.com/banshee-data/velocity.report/internal/serialmux/handlers.go:30.71,32.3 1 1
github.com/banshee-data/velocity.report/internal/serialmux/handlers.go:35.2,35.25 1 1
github.com/banshee-data/velocity.report/internal/serialmux/handlers.go:35.25,37.3 1 1
github.com/banshee-data/velocity.report/internal/serialmux/handlers.go:38.2,38.33 1 1
github.com/banshee-data/velocity.report/internal/serialmux/handlers.go:38.33,40.3 1 1
github.com/banshee-data/velocity.report/internal/serialmux/handlers.go:43.2,45.12 2 1
github.com/banshee-data/velocity.report/internal/serialmux/handlers.go:48.50,49.34 1 1
github.com/banshee-data/velocity.report/internal/serialmux/handlers.go:50.28,51.55 1 1
github.com/banshee-data/velocity.report/internal/serialmux/handlers.go:51.55,53.4 1 0
github.com/banshee-data/velocity.report/internal/serialmux/handlers.go:54.24,55.51 1 1
github.com/banshee-data/velocity.report/internal/serialmux/handlers.go:55.51,57.4 1 0
github.com/banshee-data/velocity.report/internal/serialmux/handlers.go:58.23,59.55 1 1
github.com/banshee-data/velocity.report/internal/serialmux/handlers.go:59.55,61.4 1 0
github.com/banshee-data/velocity.report/internal/serialmux/handlers.go:62.10,63.48 1 1
github.com/banshee-data/velocity.report/internal/serialmux/handlers.go:65.2,65.12 1 1
github.com/banshee-data/velocity.report/internal/serialmux/mock.go:16.44,19.2 1 1
github.com/banshee-data/velocity.report/internal/serialmux/mock.go:21.61,23.2 1 1
github.com/banshee-data/velocity.report/internal/serialmux/mock.go:26.68,29.16 3 1
github.com/banshee-data/velocity.report/internal/serialmux/mock.go:29.16,30.75 1 0
github.com/banshee-data/velocity.report/internal/serialmux/mock.go:32.2,40.12 3 1
github.com/banshee-data/velocity.report/internal/serialmux/mock.go:40.12,44.22 4 1
github.com/banshee-data/velocity.report/internal/serialmux/mock.go:44.22,46.4 1 0
github.com/banshee-data/velocity.report/internal/serialmux/mock.go:49.2,49.31 1 1
github.com/banshee-data/velocity.report/internal/serialmux/parse.go:15.45,16.86 1 1
github.com/banshee-data/velocity.report/internal/serialmux/parse.go:16.86,18.3 1 1
github.com/banshee-data/velocity.report/internal/serialmux/parse.go:19.2,19.82 1 1
github.com/banshee-data/velocity.report/internal/serialmux/parse.go:19.82,21.3 1 1
github.com/banshee-data/velocity.report/internal/serialmux/parse.go:22.2,22.37 1 1
github.com/banshee-data/velocity.report/internal/serialmux/parse.go:22.37,24.3 1 1
github.com/banshee-data/velocity.report/internal/serialmux/parse.go:25.2,25.25 1 1
github.com/banshee-data/velocity.report/internal/serialmux/serialmux.go:68.57,75.2 1 1
github.com/banshee-data/velocity.report/internal/serialmux/serialmux.go:78.24,82.2 3 1
github.com/banshee-data/velocity.report/internal/serialmux/serialmux.go:84.58,91.2 6 1
github.com/banshee-data/velocity.report/internal/serialmux/serialmux.go:94.47,97.37 3 1
github.com/banshee-data/velocity.report/internal/serialmux/serialmux.go:97.37,100.3 2 1
github.com/banshee-data/velocity.report/internal/serialmux/serialmux.go:105.43,108.47 2 1
github.com/banshee-data/velocity.report/internal/serialmux/serialmux.go:108.47,110.3 1 1
github.com/banshee-data/velocity.report/internal/serialmux/serialmux.go:113.2,115.47 3 1
github.com/banshee-data/velocity.report/internal/serialmux/serialmux.go:115.47,117.3 1 0
github.com/banshee-data/velocity.report/internal/serialmux/serialmux.go:119.2,128.4 1 1
github.com/banshee-data/velocity.report/internal/serialmux/serialmux.go:128.4,129.48 1 1
github.com/banshee-data/velocity.report/internal/serialmux/serialmux.go:129.48,131.4 1 0
github.com/banshee-data/velocity.report/internal/serialmux/serialmux.go:134.2,134.12 1 1
github.com/banshee-data/velocity.report/internal/serialmux/serialmux.go:138.58,141.53 3 1
github.com/banshee-data/velocity.report/internal/serialmux/serialmux.go:141.53,143.3 1 1
github.com/banshee-data/velocity.report/internal/serialmux/serialmux.go:144.2,145.16 2 1
github.com/banshee-data/velocity.report/internal/serialmux/serialmux.go:145.16,147.3 1 1
github.com/banshee-data/velocity.report/internal/serialmux/serialmux.go:148.2,148.23 1 1
github.com/banshee-data/velocity.report/internal/serialmux/serialmux.go:148.23,150.3 1 1
github.com/banshee-data/velocity.report/internal/serialmux/serialmux.go:151.2,151.12 1 1
github.com/banshee-data/velocity.report/internal/serialmux/serialmux.go:155.59,166.12 4 1
github.com/banshee-data/velocity.report/internal/serialmux/serialmux.go:166.12,168.19 2 1
github.com/banshee-data/velocity.report/internal/serialmux/serialmux.go:168.19,169.11 1 1
github.com/banshee-data/velocity.report/internal/serialmux/serialmux.go:170.33,170.33 0 1
github.com/banshee-data/velocity.report/internal/serialmux/serialmux.go:171.22,172.11 1 0
github.com/banshee-data/velocity.report/internal/serialmux/serialmux.go:175.3,175.36 1 0
github.com/banshee-data/velocity.report/internal/serialmux/serialmux.go:175.36,176.11 1 0
github.com/banshee-data/velocity.report/internal/serialmux/serialmux.go:177.28,177.28 0 0
github.com/banshee-data/velocity.report/internal/serialmux/serialmux.go:178.22,178.22 0 0
github.com/banshee-data/velocity.report/internal/serialmux/serialmux.go:183.2,183.6 1 1
github.com/banshee-data/velocity.report/internal/serialmux/serialmux.go:183.6,184.10 1 1
github.com/banshee-data/velocity.report/internal/serialmux/serialmux.go:187.21,188.20 1 1
github.com/banshee-data/velocity.report/internal/serialmux/serialmux.go:190.29,191.14 1 0
github.com/banshee-data/velocity.report/internal/serialmux/serialmux.go:193.31,195.11 1 1
github.com/banshee-data/velocity.report/internal/serialmux/serialmux.go:195.11,196.38 1 0
github.com/banshee-data/velocity.report/internal/serialmux/serialmux.go:196.38,198.6 1 0
github.com/banshee-data/velocity.report/internal/serialmux/serialmux.go:199.5,199.15 1 0
github.com/banshee-data/velocity.report/internal/serialmux/serialmux.go:202.4,203.17 2 1
github.com/banshee-data/velocity.report/internal/serialmux/serialmux.go:203.17,206.5 2 0
github.com/banshee-data/velocity.report/internal/serialmux/serialmux.go:207.4,211.37 3 1
github.com/banshee-data/velocity.report/internal/serialmux/serialmux.go:211.37,212.12 1 1
github.com/banshee-data/velocity.report/internal/serialmux/serialmux.go:213.21,213.21 0 1
github.com/banshee-data/velocity.report/internal/serialmux/serialmux.go:214.13,214.13 0 1
github.com/banshee-data/velocity.report/internal/serialmux/serialmux.go:218.4,218.27 1 1
github.com/banshee-data/velocity.report/internal/serialmux/serialmux.go:223.38,230.36 6 1
github.com/banshee-data/velocity.report/internal/serialmux/serialmux.go:230.36,233.3 2 1
github.com/banshee-data/velocity.report/internal/serialmux/serialmux.go:234.2,234.23 1 1
github.com/banshee-data/velocity.report/internal/serialmux/serialmux.go:237.62,241.117 2 1
github.com/banshee-data/velocity.report/internal/serialmux/serialmux.go:241.117,243.63 2 0
github.com/banshee-data/velocity.report/internal/serialmux/serialmux.go:243.63,246.4 2 0
github.com/banshee-data/velocity.report/internal/serialmux/serialmux.go:247.3,247.18 1 0
github.com/banshee-data/velocity.report/internal/serialmux/serialmux.go:251.2,251.90 1 1
github.com/banshee-data/velocity.report/internal/serialmux/serialmux.go:251.90,252.34 1 0
github.com/banshee-data/velocity.report/internal/serialmux/serialmux.go:252.34,255.4 2 0
github.com/banshee-data/velocity.report/internal/serialmux/serialmux.go:256.3,257.20 2 0
github.com/banshee-data/velocity.report/internal/serialmux/serialmux.go:257.20,260.4 2 0
github.com/banshee-data/velocity.report/internal/serialmux/serialmux.go:261.3,261.48 1 0
github.com/banshee-data/velocity.report/internal/serialmux/serialmux.go:261.48,264.4 2 0
github.com/banshee-data/velocity.report/internal/serialmux/serialmux.go:265.3,265.77 1 0
github.com/banshee-data/velocity.report/internal/serialmux/serialmux.go:268.2,268.78 1 1
github.com/banshee-data/velocity.report/internal/serialmux/serialmux.go:268.78,269.33 1 0
github.com/banshee-data/velocity.report/internal/serialmux/serialmux.go:269.33,272.4 2 0
github.com/banshee-data/velocity.report/internal/serialmux/serialmux.go:274.3,286.7 9 0
github.com/banshee-data/velocity.report/internal/serialmux/serialmux.go:286.7,287.11 1 0
github.com/banshee-data/velocity.report/internal/serialmux/serialmux.go:288.28,289.12 1 0
github.com/banshee-data/velocity.report/internal/serialmux/serialmux.go:289.12,292.6 1 0
github.com/banshee-data/velocity.report/internal/serialmux/serialmux.go:293.5,294.19 2 0
github.com/banshee-data/velocity.report/internal/serialmux/serialmux.go:294.19,296.6 1 0
github.com/banshee-data/velocity.report/internal/serialmux/serialmux.go:297.5,297.29 1 0
github.com/banshee-data/velocity.report/internal/serialmux/serialmux.go:298.30,299.11 1 0
github.com/banshee-data/velocity.report/internal/serialmux/serialmux.go:304.2,304.81 1 1
github.com/banshee-data/velocity.report/internal/serialmux/serialmux.go:304.81,311.17 5 0
github.com/banshee-data/velocity.report/internal/serialmux/serialmux.go:311.17,314.4 2 0
github.com/banshee-data/velocity.report/internal/serialmux/serialmux.go:315.3,316.16 2 0
github.com/banshee-data/velocity.report/internal/lidar/analysis_run.go:86.35,118.2 1 1
github.com/banshee-data/velocity.report/internal/lidar/analysis_run.go:121.70,131.2 1 1
github.com/banshee-data/velocity.report/internal/lidar/analysis_run.go:134.62,140.2 1 1
github.com/banshee-data/velocity.report/internal/lidar/analysis_run.go:143.62,154.2 1 1
github.com/banshee-data/velocity.report/internal/lidar/analysis_run.go:157.55,159.2 1 1
github.com/banshee-data/velocity.report/internal/lidar/analysis_run.go:162.63,164.49 2 1
github.com/banshee-data/velocity.report/internal/lidar/analysis_run.go:164.49,166.3 1 0
github.com/banshee-data/velocity.report/internal/lidar/analysis_run.go:167.2,167.16 1 1
github.com/banshee-data/velocity.report/internal/lidar/analysis_run.go:209.74,233.2 2 1
github.com/banshee-data/velocity.report/internal/lidar/analysis_run.go:288.56,290.2 1 1
github.com/banshee-data/velocity.report/internal/lidar/analysis_run.go:293.35,294.16 1 1
github.com/banshee-data/velocity.report/internal/lidar/analysis_run.go:294.16,296.3 1 1
github.com/banshee-data/velocity.report/internal/lidar/analysis_run.go:297.2,298.98 2 1
github.com/banshee-data/velocity.report/internal/lidar/analysis_run.go:303.48,308.52 4 1
github.com/banshee-data/velocity.report/internal/lidar/analysis_run.go:308.52,310.17 2 1
github.com/banshee-data/velocity.report/internal/lidar/analysis_run.go:310.17,312.4 1 1
github.com/banshee-data/velocity.report/internal/lidar/analysis_run.go:314.3,314.25 1 1
github.com/banshee-data/velocity.report/internal/lidar/analysis_run.go:314.25,316.4 1 1
github.com/banshee-data/velocity.report/internal/lidar/analysis_run.go:318.3,318.29 1 1
github.com/banshee-data/velocity.report/internal/lidar/analysis_run.go:318.29,321.4 2 1
github.com/banshee-data/velocity.report/internal/lidar/analysis_run.go:324.2,324.77 1 1
github.com/banshee-data/velocity.report/internal/lidar/analysis_run.go:328.62,339.34 2 1
github.com/banshee-data/velocity.report/internal/lidar/analysis_run.go:339.34,358.17 2 1
github.com/banshee-data/velocity.report/internal/lidar/analysis_run.go:358.17,360.4 1 0
github.com/banshee-data/velocity.report/internal/lidar/analysis_run.go:361.3,361.13 1 1
github.com/banshee-data/velocity.report/internal/lidar/analysis_run.go:366.82,368.34 2 1
github.com/banshee-data/velocity.report/internal/lidar/analysis_run.go:368.34,370.17 2 1
github.com/banshee-data/velocity.report/internal/lidar/analysis_run.go:370.17,372.4 1 0
github.com/banshee-data/velocity.report/internal/lidar/analysis_run.go:373.3,373.13 1 1
github.com/banshee-data/velocity.report/internal/lidar/analysis_run.go:378.82,392.34 2 1
github.com/banshee-data/velocity.report/internal/lidar/analysis_run.go:392.34,402.17 2 1
github.com/banshee-data/velocity.report/internal/lidar/analysis_run.go:402.17,404.4 1 0
github.com/banshee-data/velocity.report/internal/lidar/analysis_run.go:405.3,405.13 1 1
github.com/banshee-data/velocity.report/internal/lidar/analysis_run.go:410.71,443.16 7 0
github.com/banshee-data/velocity.report/internal/lidar/analysis_run.go:443.16,445.3 1 0
github.com/banshee-data/velocity.report/internal/lidar/analysis_run.go:447.2,449.22 3 0
github.com/banshee-data/velocity.report/internal/lidar/analysis_run.go:449.22,451.3 1 0
github.com/banshee-data/velocity.report/internal/lidar/analysis_run.go:452.2,452.24 1 0
github.com/banshee-data/velocity.report/internal/lidar/analysis_run.go:452.24,454.3 1 0
github.com/banshee-data/velocity.report/internal/lidar/analysis_run.go:455.2,455.23 1 0
github.com/banshee-data/velocity.report/internal/lidar/analysis_run.go:455.23,457.3 1 0
github.com/banshee-data/velocity.report/internal/lidar/analysis_run.go:458.2,458.17 1 0
github.com/banshee-data/velocity.report/internal/lidar/analysis_run.go:458.17,460.3 1 0
github.com/banshee-data/velocity.report/internal/lidar/analysis_run.go:462.2,462.18 1 0
github.com/banshee-data/velocity.report/internal/lidar/analysis_run.go:466.72,478.16 3 0
github.com/banshee-data/velocity.report/internal/lidar/analysis_run.go:478.16,480.3 1 0
github.com/banshee-data/velocity.report/internal/lidar/analysis_run.go:481.2,484.18 3 0
github.com/banshee-data/velocity.report/internal/lidar/analysis_run.go:484.18,508.17 6 0
github.com/banshee-data/velocity.report/internal/lidar/analysis_run.go:508.17,510.4 1 0
github.com/banshee-data/velocity.report/internal/lidar/analysis_run.go:512.3,514.23 3 0
github.com/banshee-data/velocity.report/internal/lidar/analysis_run.go:514.23,516.4 1 0
github.com/banshee-data/velocity.report/internal/lidar/analysis_run.go:517.3,517.25 1 0
github.com/banshee-data/velocity.report/internal/lidar/analysis_run.go:517.25,519.4 1 0
github.com/banshee-data/velocity.report/internal/lidar/analysis_run.go:520.3,520.24 1 0
github.com/banshee-data/velocity.report/internal/lidar/analysis_run.go:520.24,522.4 1 0
github.com/banshee-data/velocity.report/internal/lidar/analysis_run.go:523.3,523.18 1 0
github.com/banshee-data/velocity.report/internal/lidar/analysis_run.go:523.18,525.4 1 0
github.com/banshee-data/velocity.report/internal/lidar/analysis_run.go:527.3,527.28 1 0
github.com/banshee-data/velocity.report/internal/lidar/analysis_run.go:530.2,530.35 1 0
github.com/banshee-data/velocity.report/internal/lidar/analysis_run.go:530.35,532.3 1 0
github.com/banshee-data/velocity.report/internal/lidar/analysis_run.go:534.2,534.18 1 0
github.com/banshee-data/velocity.report/internal/lidar/analysis_run.go:539.66,541.35 2 1
[...]
github.com/banshee-data/velocity.report/internal/lidar/track_store.go:553.2,556.18 3 1
github.com/banshee-data/velocity.report/internal/lidar/track_store.go:556.18,567.17 3 1
github.com/banshee-data/velocity.report/internal/lidar/track_store.go:567.17,569.4 1 0
github.com/banshee-data/velocity.report/internal/lidar/track_store.go:570.3,570.43 1 1
github.com/banshee-data/velocity.report/internal/lidar/track_store.go:573.2,573.35 1 1
github.com/banshee-data/velocity.report/internal/lidar/track_store.go:573.35,575.3 1 0
github.com/banshee-data/velocity.report/internal/lidar/track_store.go:577.2,577.26 1 1
github.com/banshee-data/velocity.report/internal/lidar/track_store.go:581.117,594.16 3 1
github.com/banshee-data/velocity.report/internal/lidar/track_store.go:594.16,596.3 1 0
github.com/banshee-data/velocity.report/internal/lidar/track_store.go:597.2,600.18 3 1
github.com/banshee-data/velocity.report/internal/lidar/track_store.go:600.18,611.17 3 1
github.com/banshee-data/velocity.report/internal/lidar/track_store.go:611.17,613.4 1 0
github.com/banshee-data/velocity.report/internal/lidar/track_store.go:614.3,614.33 1 1
github.com/banshee-data/velocity.report/internal/lidar/track_store.go:617.2,617.35 1 1
github.com/banshee-data/velocity.report/internal/lidar/track_store.go:617.35,619.3 1 0
github.com/banshee-data/velocity.report/internal/lidar/track_store.go:621.2,621.22 1 1
github.com/banshee-data/velocity.report/internal/lidar/track_store.go:626.39,627.13 1 1
github.com/banshee-data/velocity.report/internal/lidar/track_store.go:627.13,629.3 1 1
github.com/banshee-data/velocity.report/internal/lidar/track_store.go:630.2,630.10 1 1
github.com/banshee-data/velocity.report/internal/lidar/track_store.go:633.41,634.28 1 1
github.com/banshee-data/velocity.report/internal/lidar/track_store.go:634.28,636.3 1 0
github.com/banshee-data/velocity.report/internal/lidar/track_store.go:637.2,637.10 1 1
github.com/banshee-data/velocity.report/internal/lidar/tracking.go:50.43,61.2 1 1
github.com/banshee-data/velocity.report/internal/lidar/tracking.go:137.48,143.2 1 1
github.com/banshee-data/velocity.report/internal/lidar/tracking.go:147.72,155.27 5 1
github.com/banshee-data/velocity.report/internal/lidar/tracking.go:155.27,157.3 1 1
github.com/banshee-data/velocity.report/internal/lidar/tracking.go:157.8,159.3 1 1
github.com/banshee-data/velocity.report/internal/lidar/tracking.go:160.2,163.33 2 1
github.com/banshee-data/velocity.report/internal/lidar/tracking.go:163.33,164.34 1 1
github.com/banshee-data/velocity.report/internal/lidar/tracking.go:164.34,166.4 1 1
github.com/banshee-data/velocity.report/internal/lidar/tracking.go:170.2,174.48 3 1
github.com/banshee-data/velocity.report/internal/lidar/tracking.go:174.48,175.20 1 1
github.com/banshee-data/velocity.report/internal/lidar/tracking.go:175.20,183.77 6 1
github.com/banshee-data/velocity.report/internal/lidar/tracking.go:183.77,185.5 1 1
github.com/banshee-data/velocity.report/internal/lidar/tracking.go:190.2,190.39 1 1
github.com/banshee-data/velocity.report/internal/lidar/tracking.go:190.39,191.61 1 1
github.com/banshee-data/velocity.report/internal/lidar/tracking.go:191.61,198.29 4 1
github.com/banshee-data/velocity.report/internal/lidar/tracking.go:198.29,204.5 1 1
github.com/banshee-data/velocity.report/internal/lidar/tracking.go:206.4,206.42 1 1
github.com/banshee-data/velocity.report/internal/lidar/tracking.go:206.42,209.5 2 1
github.com/banshee-data/velocity.report/internal/lidar/tracking.go:214.2,214.48 1 1
github.com/banshee-data/velocity.report/internal/lidar/tracking.go:214.48,215.58 1 1
github.com/banshee-data/velocity.report/internal/lidar/tracking.go:215.58,217.4 1 1
github.com/banshee-data/velocity.report/internal/lidar/tracking.go:221.2,221.34 1 1
github.com/banshee-data/velocity.report/internal/lidar/tracking.go:225.61,249.25 5 1
github.com/banshee-data/velocity.report/internal/lidar/tracking.go:249.25,254.3 4 1
github.com/banshee-data/velocity.report/internal/lidar/tracking.go:258.2,258.25 1 1
github.com/banshee-data/velocity.report/internal/lidar/tracking.go:258.25,263.3 4 1
github.com/banshee-data/velocity.report/internal/lidar/tracking.go:267.2,270.44 4 1
github.com/banshee-data/velocity.report/internal/lidar/tracking.go:275.75,280.34 3 1
github.com/banshee-data/velocity.report/internal/lidar/tracking.go:280.34,281.34 1 1
github.com/banshee-data/velocity.report/internal/lidar/tracking.go:281.34,283.4 1 1
github.com/banshee-data/velocity.report/internal/lidar/tracking.go:287.2,289.36 2 1
github.com/banshee-data/velocity.report/internal/lidar/tracking.go:289.36,293.42 3 1
github.com/banshee-data/velocity.report/internal/lidar/tracking.go:293.42,294.26 1 1
github.com/banshee-data/velocity.report/internal/lidar/tracking.go:294.26,295.13 1 1
github.com/banshee-data/velocity.report/internal/lidar/tracking.go:298.4,301.25 3 1
github.com/banshee-data/velocity.report/internal/lidar/tracking.go:301.25,304.5 2 1
github.com/banshee-data/velocity.report/internal/lidar/tracking.go:307.3,307.24 1 1
github.com/banshee-data/velocity.report/internal/lidar/tracking.go:307.24,310.4 2 1
github.com/banshee-data/velocity.report/internal/lidar/tracking.go:313.2,313.21 1 1
github.com/banshee-data/velocity.report/internal/lidar/tracking.go:319.110,326.43 4 1
github.com/banshee-data/velocity.report/internal/lidar/tracking.go:326.43,328.3 1 1
github.com/banshee-data/velocity.report/internal/lidar/tracking.go:331.2,331.12 1 1
github.com/banshee-data/velocity.report/internal/lidar/tracking.go:331.12,333.43 2 1
github.com/banshee-data/velocity.report/internal/lidar/tracking.go:333.43,335.4 1 0
github.com/banshee-data/velocity.report/internal/lidar/tracking.go:341.2,348.35 6 1
github.com/banshee-data/velocity.report/internal/lidar/tracking.go:348.35,350.3 1 0
github.com/banshee-data/velocity.report/internal/lidar/tracking.go:352.2,360.14 6 1
github.com/banshee-data/velocity.report/internal/lidar/tracking.go:364.86,381.35 10 1
github.com/banshee-data/velocity.report/internal/lidar/tracking.go:381.35,383.3 1 0
github.com/banshee-data/velocity.report/internal/lidar/tracking.go:385.2,395.25 6 1
github.com/banshee-data/velocity.report/internal/lidar/tracking.go:395.25,398.3 2 1
github.com/banshee-data/velocity.report/internal/lidar/tracking.go:401.2,412.25 6 1
github.com/banshee-data/velocity.report/internal/lidar/tracking.go:412.25,413.26 1 1
github.com/banshee-data/velocity.report/internal/lidar/tracking.go:413.26,415.14 2 1
github.com/banshee-data/velocity.report/internal/lidar/tracking.go:415.14,417.5 1 1
github.com/banshee-data/velocity.report/internal/lidar/tracking.go:418.4,419.14 2 1
github.com/banshee-data/velocity.report/internal/lidar/tracking.go:419.14,421.5 1 1
github.com/banshee-data/velocity.report/internal/lidar/tracking.go:421.10,421.21 1 1
github.com/banshee-data/velocity.report/internal/lidar/tracking.go:421.21,423.5 1 1
github.com/banshee-data/velocity.report/internal/lidar/tracking.go:424.4,424.35 1 1
github.com/banshee-data/velocity.report/internal/lidar/tracking.go:429.2,430.25 2 1
github.com/banshee-data/velocity.report/internal/lidar/tracking.go:430.25,431.26 1 1
github.com/banshee-data/velocity.report/internal/lidar/tracking.go:431.26,433.27 2 1
github.com/banshee-data/velocity.report/internal/lidar/tracking.go:433.27,435.5 1 1
github.com/banshee-data/velocity.report/internal/lidar/tracking.go:436.4,436.21 1 1
github.com/banshee-data/velocity.report/internal/lidar/tracking.go:439.2,455.44 9 1
github.com/banshee-data/velocity.report/internal/lidar/tracking.go:455.44,457.3 1 1
github.com/banshee-data/velocity.report/internal/lidar/tracking.go:460.2,462.32 3 1
github.com/banshee-data/velocity.report/internal/lidar/tracking.go:462.32,464.3 1 1
github.com/banshee-data/velocity.report/internal/lidar/tracking.go:468.2,469.27 2 1
github.com/banshee-data/velocity.report/internal/lidar/tracking.go:469.27,475.3 1 1
github.com/banshee-data/velocity.report/internal/lidar/tracking.go:478.2,479.53 2 1
github.com/banshee-data/velocity.report/internal/lidar/tracking.go:479.53,481.3 1 0
github.com/banshee-data/velocity.report/internal/lidar/tracking.go:485.82,533.2 5 1
github.com/banshee-data/velocity.report/internal/lidar/tracking.go:536.56,538.22 2 1
github.com/banshee-data/velocity.report/internal/lidar/tracking.go:538.22,540.3 1 0
github.com/banshee-data/velocity.report/internal/lidar/tracking.go:541.2,544.34 3 1
github.com/banshee-data/velocity.report/internal/lidar/tracking.go:544.34,545.34 1 1
github.com/banshee-data/velocity.report/internal/lidar/tracking.go:545.34,546.55 1 1
github.com/banshee-data/velocity.report/internal/lidar/tracking.go:546.55,548.5 1 1
github.com/banshee-data/velocity.report/internal/lidar/tracking.go:552.2,552.30 1 1
github.com/banshee-data/velocity.report/internal/lidar/tracking.go:552.30,554.3 1 1
github.com/banshee-data/velocity.report/internal/lidar/tracking.go:558.54,563.33 4 1
github.com/banshee-data/velocity.report/internal/lidar/tracking.go:563.33,564.34 1 1
github.com/banshee-data/velocity.report/internal/lidar/tracking.go:564.34,566.4 1 1
github.com/banshee-data/velocity.report/internal/lidar/tracking.go:568.2,568.15 1 1
github.com/banshee-data/velocity.report/internal/lidar/tracking.go:572.57,577.33 4 1
github.com/banshee-data/velocity.report/internal/lidar/tracking.go:577.33,578.36 1 1
github.com/banshee-data/velocity.report/internal/lidar/tracking.go:578.36,580.4 1 1
github.com/banshee-data/velocity.report/internal/lidar/tracking.go:582.2,582.18 1 1
github.com/banshee-data/velocity.report/internal/lidar/tracking.go:586.59,590.2 3 1
github.com/banshee-data/velocity.report/internal/lidar/tracking.go:593.78,597.33 3 1
github.com/banshee-data/velocity.report/internal/lidar/tracking.go:597.33,599.22 2 1
github.com/banshee-data/velocity.report/internal/lidar/tracking.go:600.23,601.15 1 1
github.com/banshee-data/velocity.report/internal/lidar/tracking.go:602.23,603.15 1 0
github.com/banshee-data/velocity.report/internal/lidar/tracking.go:604.21,605.13 1 1
github.com/banshee-data/velocity.report/internal/lidar/tracking.go:608.2,608.8 1 1
github.com/banshee-data/velocity.report/internal/lidar/tracking.go:613.51,618.33 4 0
github.com/banshee-data/velocity.report/internal/lidar/tracking.go:618.33,620.3 1 0
github.com/banshee-data/velocity.report/internal/lidar/tracking.go:621.2,621.12 1 0
github.com/banshee-data/velocity.report/internal/lidar/tracking.go:625.45,627.2 1 1
github.com/banshee-data/velocity.report/internal/lidar/tracking.go:630.47,632.2 1 1
github.com/banshee-data/velocity.report/internal/lidar/tracking.go:635.54,636.31 1 0
github.com/banshee-data/velocity.report/internal/lidar/tracking.go:636.31,638.3 1 0
github.com/banshee-data/velocity.report/internal/lidar/tracking.go:639.2,641.15 3 0
github.com/banshee-data/velocity.report/internal/lidar/tracking.go:646.53,649.28 2 1
github.com/banshee-data/velocity.report/internal/lidar/tracking.go:649.28,650.43 1 0
github.com/banshee-data/velocity.report/internal/lidar/tracking.go:650.43,654.4 3 0
github.com/banshee-data/velocity.report/internal/lidar/tracking.go:658.2,658.48 1 1
github.com/banshee-data/velocity.report/internal/lidar/tracking.go:658.48,660.3 1 1
github.com/banshee-data/velocity.report/internal/lidar/tracking.go:663.2,667.28 4 1
github.com/banshee-data/velocity.report/internal/lidar/tracking.go:667.28,668.43 1 0
github.com/banshee-data/velocity.report/internal/lidar/tracking.go:668.43,670.37 2 0
github.com/banshee-data/velocity.report/internal/lidar/tracking.go:670.37,674.45 3 0
github.com/banshee-data/velocity.report/internal/lidar/tracking.go:674.45,676.6 1 0
github.com/banshee-data/velocity.report/internal/lidar/tracking.go:684.2,684.32 1 1
github.com/banshee-data/velocity.report/internal/lidar/tracking.go:684.32,688.25 2 1
github.com/banshee-data/velocity.report/internal/lidar/tracking.go:688.25,691.35 2 1
github.com/banshee-data/velocity.report/internal/lidar/tracking.go:691.35,693.5 1 0
github.com/banshee-data/velocity.report/internal/lidar/tracking_pipeline.go:18.41,19.14 1 1
github.com/banshee-data/velocity.report/internal/lidar/tracking_pipeline.go:19.14,21.3 1 1
github.com/banshee-data/velocity.report/internal/lidar/tracking_pipeline.go:22.2,23.18 2 1
github.com/banshee-data/velocity.report/internal/lidar/tracking_pipeline.go:24.94,25.19 1 1
github.com/banshee-data/velocity.report/internal/lidar/tracking_pipeline.go:27.2,27.14 1 1
github.com/banshee-data/velocity.report/internal/lidar/tracking_pipeline.go:44.73,47.46 1 1
github.com/banshee-data/velocity.report/internal/lidar/tracking_pipeline.go:47.46,48.36 1 0
github.com/banshee-data/velocity.report/internal/lidar/tracking_pipeline.go:48.36,50.4 1 0
github.com/banshee-data/velocity.report/internal/lidar/tracking_pipeline.go:51.3,51.45 1 0
github.com/banshee-data/velocity.report/internal/lidar/tracking_pipeline.go:54.2,54.33 1 1
github.com/banshee-data/velocity.report/internal/lidar/tracking_pipeline.go:54.33,55.45 1 0
github.com/banshee-data/velocity.report/internal/lidar/tracking_pipeline.go:55.45,57.4 1 0
github.com/banshee-data/velocity.report/internal/lidar/tracking_pipeline.go:60.3,65.34 3 0
github.com/banshee-data/velocity.report/internal/lidar/tracking_pipeline.go:65.34,77.4 1 0
github.com/banshee-data/velocity.report/internal/lidar/tracking_pipeline.go:79.3,79.35 1 0
github.com/banshee-data/velocity.report/internal/lidar/tracking_pipeline.go:79.35,81.4 1 0
github.com/banshee-data/velocity.report/internal/lidar/tracking_pipeline.go:83.3,83.20 1 0
github.com/banshee-data/velocity.report/internal/lidar/tracking_pipeline.go:83.20,87.22 3 0
github.com/banshee-data/velocity.report/internal/lidar/tracking_pipeline.go:87.22,92.5 4 0
github.com/banshee-data/velocity.report/internal/lidar/tracking_pipeline.go:93.4,94.65 1 0
github.com/banshee-data/velocity.report/internal/lidar/tracking_pipeline.go:98.3,99.32 2 0
github.com/banshee-data/velocity.report/internal/lidar/tracking_pipeline.go:99.32,100.21 1 0
github.com/banshee-data/velocity.report/internal/lidar/tracking_pipeline.go:100.21,102.5 1 0
github.com/banshee-data/velocity.report/internal/lidar/tracking_pipeline.go:103.4,103.10 1 0
github.com/banshee-data/velocity.report/internal/lidar/tracking_pipeline.go:106.3,111.37 4 0
github.com/banshee-data/velocity.report/internal/lidar/tracking_pipeline.go:111.37,112.21 1 0
github.com/banshee-data/velocity.report/internal/lidar/tracking_pipeline.go:112.21,114.5 1 0
github.com/banshee-data/velocity.report/internal/lidar/tracking_pipeline.go:117.3,118.54 2 0
github.com/banshee-data/velocity.report/internal/lidar/tracking_pipeline.go:118.54,120.18 2 0
github.com/banshee-data/velocity.report/internal/lidar/tracking_pipeline.go:120.18,122.5 1 0
github.com/banshee-data/velocity.report/internal/lidar/tracking_pipeline.go:123.4,124.54 2 0
github.com/banshee-data/velocity.report/internal/lidar/tracking_pipeline.go:124.54,126.53 2 0
github.com/banshee-data/velocity.report/internal/lidar/tracking_pipeline.go:126.53,127.11 1 0
github.com/banshee-data/velocity.report/internal/lidar/tracking_pipeline.go:130.4,130.33 1 0
github.com/banshee-data/velocity.report/internal/lidar/tracking_pipeline.go:134.3,136.33 2 0
github.com/banshee-data/velocity.report/internal/lidar/tracking_pipeline.go:136.33,139.4 1 0
github.com/banshee-data/velocity.report/internal/lidar/tracking_pipeline.go:143.3,143.39 1 0
github.com/banshee-data/velocity.report/internal/lidar/tracking_pipeline.go:143.39,148.30 3 0
github.com/banshee-data/velocity.report/internal/lidar/tracking_pipeline.go:148.30,150.40 2 0
github.com/banshee-data/velocity.report/internal/lidar/tracking_pipeline.go:150.40,152.55 1 0
github.com/banshee-data/velocity.report/internal/lidar/tracking_pipeline.go:152.55,154.7 1 0
github.com/banshee-data/velocity.report/internal/lidar/tracking_pipeline.go:156.5,156.31 1 0
github.com/banshee-data/velocity.report/internal/lidar/tracking_pipeline.go:158.4,158.32 1 0
github.com/banshee-data/velocity.report/internal/lidar/tracking_pipeline.go:158.32,160.5 1 0
github.com/banshee-data/velocity.report/internal/lidar/tracking_pipeline.go:161.9,161.27 1 0
github.com/banshee-data/velocity.report/internal/lidar/tracking_pipeline.go:161.27,163.4 1 0
github.com/banshee-data/velocity.report/internal/lidar/tracking_pipeline.go:166.3,174.44 5 0
github.com/banshee-data/velocity.report/internal/lidar/tracking_pipeline.go:174.44,176.4 1 0
github.com/banshee-data/velocity.report/internal/lidar/tracking_pipeline.go:177.3,177.37 1 0
github.com/banshee-data/velocity.report/internal/lidar/tracking_pipeline.go:177.37,179.4 1 0
github.com/banshee-data/velocity.report/internal/lidar/tracking_pipeline.go:181.3,182.25 2 0
github.com/banshee-data/velocity.report/internal/lidar/tracking_pipeline.go:182.25,184.4 1 0
github.com/banshee-data/velocity.report/internal/lidar/tracking_pipeline.go:187.3,187.83 1 0
github.com/banshee-data/velocity.report/internal/lidar/tracking_pipeline.go:187.83,190.4 2 0
github.com/banshee-data/velocity.report/internal/lidar/tracking_pipeline.go:193.3,196.25 2 0
github.com/banshee-data/velocity.report/internal/lidar/tracking_pipeline.go:196.25,198.4 1 0
github.com/banshee-data/velocity.report/internal/lidar/tracking_pipeline.go:200.3,206.41 4 0
github.com/banshee-data/velocity.report/internal/lidar/tracking_pipeline.go:206.41,208.87 1 0
github.com/banshee-data/velocity.report/internal/lidar/tracking_pipeline.go:208.87,210.5 1 0
github.com/banshee-data/velocity.report/internal/lidar/tracking_pipeline.go:213.4,213.84 1 0
github.com/banshee-data/velocity.report/internal/lidar/tracking_pipeline.go:213.84,215.5 1 0
github.com/banshee-data/velocity.report/internal/lidar/tracking_pipeline.go:218.4,218.21 1 0
github.com/banshee-data/velocity.report/internal/lidar/tracking_pipeline.go:218.21,220.66 2 0
github.com/banshee-data/velocity.report/internal/lidar/tracking_pipeline.go:220.66,221.23 1 0
github.com/banshee-data/velocity.report/internal/lidar/tracking_pipeline.go:221.23,223.7 1 0
github.com/banshee-data/velocity.report/internal/lidar/tracking_pipeline.go:227.5,244.63 2 0
github.com/banshee-data/velocity.report/internal/lidar/tracking_pipeline.go:244.63,245.23 1 0
github.com/banshee-data/velocity.report/internal/lidar/tracking_pipeline.go:245.23,247.7 1 0
github.com/banshee-data/velocity.report/internal/lidar/tracking_pipeline.go:252.3,252.48 1 0
github.com/banshee-data/velocity.report/internal/lidar/tracking_pipeline.go:252.48,254.4 1 0
github.com/banshee-data/velocity.report/internal/lidar/training_data.go:23.115,35.2 3 1
github.com/banshee-data/velocity.report/internal/lidar/training_data.go:38.60,40.2 1 0
github.com/banshee-data/velocity.report/internal/lidar/training_data.go:43.49,45.2 1 1
github.com/banshee-data/velocity.report/internal/lidar/training_data.go:48.56,49.24 1 1
github.com/banshee-data/velocity.report/internal/lidar/training_data.go:49.24,51.3 1 1
github.com/banshee-data/velocity.report/internal/lidar/training_data.go:52.2,52.66 1 1
github.com/banshee-data/velocity.report/internal/lidar/training_data.go:70.55,73.27 2 1
github.com/banshee-data/velocity.report/internal/lidar/training_data.go:73.27,91.3 9 1
github.com/banshee-data/velocity.report/internal/lidar/training_data.go:93.2,93.13 1 1
github.com/banshee-data/velocity.report/internal/lidar/training_data.go:97.53,98.37 1 1
github.com/banshee-data/velocity.report/internal/lidar/training_data.go:98.37,100.3 1 1
github.com/banshee-data/velocity.report/internal/lidar/training_data.go:102.2,105.33 3 1
github.com/banshee-data/velocity.report/internal/lidar/training_data.go:105.33,119.3 5 1
github.com/banshee-data/velocity.report/internal/lidar/training_data.go:121.2,121.15 1 1
github.com/banshee-data/velocity.report/internal/lidar/training_data.go:146.53,151.2 1 1
github.com/banshee-data/velocity.report/internal/lidar/transform.go:8.89,21.2 10 1
github.com/banshee-data/velocity.report/internal/lidar/transform.go:25.69,30.2 4 1
